{"/Users/leonie/Documents/pearson-one-account/src/app/profile/reducers/profile-bio-reducers.spec.js":{"path":"/Users/leonie/Documents/pearson-one-account/src/app/profile/reducers/profile-bio-reducers.spec.js","statementMap":{"0":{"start":{"line":3,"column":14},"end":{"line":3,"column":117}},"1":{"start":{"line":5,"column":15},"end":{"line":5,"column":46}},"2":{"start":{"line":7,"column":12},"end":{"line":7,"column":84}},"3":{"start":{"line":9,"column":15},"end":{"line":9,"column":101}},"4":{"start":{"line":11,"column":16},"end":{"line":11,"column":48}},"5":{"start":{"line":13,"column":26},"end":{"line":13,"column":126}},"6":{"start":{"line":15,"column":27},"end":{"line":15,"column":70}},"7":{"start":{"line":17,"column":39},"end":{"line":17,"column":93}},"8":{"start":{"line":19,"column":0},"end":{"line":78,"column":3}},"9":{"start":{"line":20,"column":2},"end":{"line":77,"column":5}},"10":{"start":{"line":21,"column":17},"end":{"line":21,"column":23}},"11":{"start":{"line":23,"column":4},"end":{"line":25,"column":7}},"12":{"start":{"line":24,"column":6},"end":{"line":24,"column":20}},"13":{"start":{"line":27,"column":4},"end":{"line":32,"column":7}},"14":{"start":{"line":28,"column":6},"end":{"line":31,"column":9}},"15":{"start":{"line":29,"column":18},"end":{"line":29,"column":66}},"16":{"start":{"line":30,"column":8},"end":{"line":30,"column":75}},"17":{"start":{"line":34,"column":4},"end":{"line":40,"column":7}},"18":{"start":{"line":35,"column":6},"end":{"line":39,"column":9}},"19":{"start":{"line":36,"column":23},"end":{"line":36,"column":123}},"20":{"start":{"line":37,"column":18},"end":{"line":37,"column":139}},"21":{"start":{"line":38,"column":8},"end":{"line":38,"column":48}},"22":{"start":{"line":42,"column":4},"end":{"line":58,"column":7}},"23":{"start":{"line":43,"column":16},"end":{"line":43,"column":22}},"24":{"start":{"line":44,"column":25},"end":{"line":44,"column":31}},"25":{"start":{"line":46,"column":6},"end":{"line":49,"column":9}},"26":{"start":{"line":47,"column":8},"end":{"line":47,"column":82}},"27":{"start":{"line":48,"column":8},"end":{"line":48,"column":142}},"28":{"start":{"line":51,"column":6},"end":{"line":53,"column":9}},"29":{"start":{"line":52,"column":8},"end":{"line":52,"column":72}},"30":{"start":{"line":55,"column":6},"end":{"line":57,"column":9}},"31":{"start":{"line":56,"column":8},"end":{"line":56,"column":68}},"32":{"start":{"line":60,"column":4},"end":{"line":76,"column":7}},"33":{"start":{"line":61,"column":16},"end":{"line":61,"column":22}},"34":{"start":{"line":62,"column":22},"end":{"line":62,"column":28}},"35":{"start":{"line":64,"column":6},"end":{"line":67,"column":9}},"36":{"start":{"line":65,"column":8},"end":{"line":65,"column":44}},"37":{"start":{"line":66,"column":8},"end":{"line":66,"column":139}},"38":{"start":{"line":69,"column":6},"end":{"line":71,"column":9}},"39":{"start":{"line":70,"column":8},"end":{"line":70,"column":72}},"40":{"start":{"line":73,"column":6},"end":{"line":75,"column":9}},"41":{"start":{"line":74,"column":8},"end":{"line":74,"column":61}}},"fnMap":{"0":{"name":"_interopRequireDefault","decl":{"start":{"line":17,"column":9},"end":{"line":17,"column":31}},"loc":{"start":{"line":17,"column":37},"end":{"line":17,"column":95}},"line":17},"1":{"name":"(anonymous_1)","decl":{"start":{"line":19,"column":33},"end":{"line":19,"column":34}},"loc":{"start":{"line":19,"column":45},"end":{"line":78,"column":1}},"line":19},"2":{"name":"(anonymous_2)","decl":{"start":{"line":20,"column":34},"end":{"line":20,"column":35}},"loc":{"start":{"line":20,"column":46},"end":{"line":77,"column":3}},"line":20},"3":{"name":"(anonymous_3)","decl":{"start":{"line":23,"column":15},"end":{"line":23,"column":16}},"loc":{"start":{"line":23,"column":27},"end":{"line":25,"column":5}},"line":23},"4":{"name":"(anonymous_4)","decl":{"start":{"line":27,"column":24},"end":{"line":27,"column":25}},"loc":{"start":{"line":27,"column":36},"end":{"line":32,"column":5}},"line":27},"5":{"name":"(anonymous_5)","decl":{"start":{"line":28,"column":44},"end":{"line":28,"column":45}},"loc":{"start":{"line":28,"column":56},"end":{"line":31,"column":7}},"line":28},"6":{"name":"(anonymous_6)","decl":{"start":{"line":34,"column":49},"end":{"line":34,"column":50}},"loc":{"start":{"line":34,"column":61},"end":{"line":40,"column":5}},"line":34},"7":{"name":"(anonymous_7)","decl":{"start":{"line":35,"column":70},"end":{"line":35,"column":71}},"loc":{"start":{"line":35,"column":82},"end":{"line":39,"column":7}},"line":35},"8":{"name":"(anonymous_8)","decl":{"start":{"line":42,"column":49},"end":{"line":42,"column":50}},"loc":{"start":{"line":42,"column":61},"end":{"line":58,"column":5}},"line":42},"9":{"name":"(anonymous_9)","decl":{"start":{"line":46,"column":17},"end":{"line":46,"column":18}},"loc":{"start":{"line":46,"column":29},"end":{"line":49,"column":7}},"line":46},"10":{"name":"(anonymous_10)","decl":{"start":{"line":51,"column":54},"end":{"line":51,"column":55}},"loc":{"start":{"line":51,"column":66},"end":{"line":53,"column":7}},"line":51},"11":{"name":"(anonymous_11)","decl":{"start":{"line":55,"column":53},"end":{"line":55,"column":54}},"loc":{"start":{"line":55,"column":65},"end":{"line":57,"column":7}},"line":55},"12":{"name":"(anonymous_12)","decl":{"start":{"line":60,"column":49},"end":{"line":60,"column":50}},"loc":{"start":{"line":60,"column":61},"end":{"line":76,"column":5}},"line":60},"13":{"name":"(anonymous_13)","decl":{"start":{"line":64,"column":17},"end":{"line":64,"column":18}},"loc":{"start":{"line":64,"column":29},"end":{"line":67,"column":7}},"line":64},"14":{"name":"(anonymous_14)","decl":{"start":{"line":69,"column":54},"end":{"line":69,"column":55}},"loc":{"start":{"line":69,"column":66},"end":{"line":71,"column":7}},"line":69},"15":{"name":"(anonymous_15)","decl":{"start":{"line":73,"column":55},"end":{"line":73,"column":56}},"loc":{"start":{"line":73,"column":67},"end":{"line":75,"column":7}},"line":73}},"branchMap":{"0":{"loc":{"start":{"line":17,"column":46},"end":{"line":17,"column":92}},"type":"cond-expr","locations":[{"start":{"line":17,"column":70},"end":{"line":17,"column":73}},{"start":{"line":17,"column":76},"end":{"line":17,"column":92}}],"line":17},"1":{"loc":{"start":{"line":17,"column":46},"end":{"line":17,"column":67}},"type":"binary-expr","locations":[{"start":{"line":17,"column":46},"end":{"line":17,"column":49}},{"start":{"line":17,"column":53},"end":{"line":17,"column":67}}],"line":17}},"s":{"0":1,"1":1,"2":1,"3":1,"4":1,"5":1,"6":1,"7":3,"8":1,"9":1,"10":1,"11":1,"12":0,"13":1,"14":1,"15":0,"16":0,"17":1,"18":1,"19":0,"20":0,"21":0,"22":1,"23":1,"24":1,"25":1,"26":0,"27":0,"28":1,"29":0,"30":1,"31":0,"32":1,"33":1,"34":1,"35":1,"36":0,"37":0,"38":1,"39":0,"40":1,"41":0},"f":{"0":3,"1":1,"2":1,"3":0,"4":1,"5":0,"6":1,"7":0,"8":1,"9":0,"10":0,"11":0,"12":1,"13":0,"14":0,"15":0},"b":{"0":[3,0],"1":[3,3]},"_coverageSchema":"332fd63041d2c1bcb487cc26dd0d5f7d97098a6c","hash":"cdf398e0ea1ba942c2fac9d58fe045aee00d7ab8","contentHash":"770444042d0febea31372066d0da9bdd_10.2.0"},"/Users/leonie/Documents/pearson-one-account/src/app/profile/actions/creator.js":{"path":"/Users/leonie/Documents/pearson-one-account/src/app/profile/actions/creator.js","statementMap":{"0":{"start":{"line":3,"column":0},"end":{"line":5,"column":3}},"1":{"start":{"line":7,"column":12},"end":{"line":7,"column":29}},"2":{"start":{"line":9,"column":13},"end":{"line":9,"column":42}},"3":{"start":{"line":11,"column":39},"end":{"line":11,"column":93}},"4":{"start":{"line":17,"column":26},"end":{"line":19,"column":1}},"5":{"start":{"line":18,"column":2},"end":{"line":18,"column":65}},"6":{"start":{"line":21,"column":26},"end":{"line":23,"column":1}},"7":{"start":{"line":22,"column":2},"end":{"line":22,"column":77}},"8":{"start":{"line":25,"column":26},"end":{"line":27,"column":1}},"9":{"start":{"line":26,"column":2},"end":{"line":26,"column":79}},"10":{"start":{"line":29,"column":28},"end":{"line":31,"column":1}},"11":{"start":{"line":30,"column":2},"end":{"line":30,"column":67}},"12":{"start":{"line":33,"column":28},"end":{"line":35,"column":1}},"13":{"start":{"line":34,"column":2},"end":{"line":34,"column":79}},"14":{"start":{"line":37,"column":28},"end":{"line":39,"column":1}},"15":{"start":{"line":38,"column":2},"end":{"line":38,"column":81}},"16":{"start":{"line":41,"column":29},"end":{"line":43,"column":1}},"17":{"start":{"line":42,"column":2},"end":{"line":42,"column":68}},"18":{"start":{"line":45,"column":29},"end":{"line":47,"column":1}},"19":{"start":{"line":46,"column":2},"end":{"line":46,"column":80}},"20":{"start":{"line":49,"column":29},"end":{"line":51,"column":1}},"21":{"start":{"line":50,"column":2},"end":{"line":50,"column":82}},"22":{"start":{"line":53,"column":29},"end":{"line":55,"column":1}},"23":{"start":{"line":54,"column":2},"end":{"line":54,"column":68}},"24":{"start":{"line":57,"column":29},"end":{"line":59,"column":1}},"25":{"start":{"line":58,"column":2},"end":{"line":58,"column":80}},"26":{"start":{"line":61,"column":29},"end":{"line":63,"column":1}},"27":{"start":{"line":62,"column":2},"end":{"line":62,"column":82}},"28":{"start":{"line":65,"column":32},"end":{"line":67,"column":1}},"29":{"start":{"line":66,"column":2},"end":{"line":66,"column":71}},"30":{"start":{"line":69,"column":32},"end":{"line":71,"column":1}},"31":{"start":{"line":70,"column":2},"end":{"line":70,"column":83}},"32":{"start":{"line":73,"column":32},"end":{"line":75,"column":1}},"33":{"start":{"line":74,"column":2},"end":{"line":74,"column":85}},"34":{"start":{"line":77,"column":31},"end":{"line":79,"column":1}},"35":{"start":{"line":78,"column":2},"end":{"line":78,"column":75}},"36":{"start":{"line":81,"column":31},"end":{"line":83,"column":1}},"37":{"start":{"line":82,"column":2},"end":{"line":82,"column":83}},"38":{"start":{"line":85,"column":31},"end":{"line":87,"column":1}},"39":{"start":{"line":86,"column":2},"end":{"line":86,"column":85}},"40":{"start":{"line":89,"column":29},"end":{"line":91,"column":1}},"41":{"start":{"line":90,"column":2},"end":{"line":90,"column":72}},"42":{"start":{"line":93,"column":29},"end":{"line":95,"column":1}},"43":{"start":{"line":94,"column":2},"end":{"line":94,"column":80}},"44":{"start":{"line":97,"column":29},"end":{"line":99,"column":1}},"45":{"start":{"line":98,"column":2},"end":{"line":98,"column":82}},"46":{"start":{"line":104,"column":0},"end":{"line":132,"column":2}}},"fnMap":{"0":{"name":"_interopRequireDefault","decl":{"start":{"line":11,"column":9},"end":{"line":11,"column":31}},"loc":{"start":{"line":11,"column":37},"end":{"line":11,"column":95}},"line":11},"1":{"name":"getMemberBioAttempt","decl":{"start":{"line":17,"column":35},"end":{"line":17,"column":54}},"loc":{"start":{"line":17,"column":59},"end":{"line":19,"column":1}},"line":17},"2":{"name":"getMemberBioSuccess","decl":{"start":{"line":21,"column":35},"end":{"line":21,"column":54}},"loc":{"start":{"line":21,"column":65},"end":{"line":23,"column":1}},"line":21},"3":{"name":"getMemberBioFailure","decl":{"start":{"line":25,"column":35},"end":{"line":25,"column":54}},"loc":{"start":{"line":25,"column":66},"end":{"line":27,"column":1}},"line":25},"4":{"name":"getMemberMediaAttempt","decl":{"start":{"line":29,"column":37},"end":{"line":29,"column":58}},"loc":{"start":{"line":29,"column":63},"end":{"line":31,"column":1}},"line":29},"5":{"name":"getMemberMediaSuccess","decl":{"start":{"line":33,"column":37},"end":{"line":33,"column":58}},"loc":{"start":{"line":33,"column":69},"end":{"line":35,"column":1}},"line":33},"6":{"name":"getMemberMediaFailure","decl":{"start":{"line":37,"column":37},"end":{"line":37,"column":58}},"loc":{"start":{"line":37,"column":70},"end":{"line":39,"column":1}},"line":37},"7":{"name":"getMemberPhotosAttempt","decl":{"start":{"line":41,"column":38},"end":{"line":41,"column":60}},"loc":{"start":{"line":41,"column":65},"end":{"line":43,"column":1}},"line":41},"8":{"name":"getMemberPhotosSuccess","decl":{"start":{"line":45,"column":38},"end":{"line":45,"column":60}},"loc":{"start":{"line":45,"column":71},"end":{"line":47,"column":1}},"line":45},"9":{"name":"getMemberPhotosFailure","decl":{"start":{"line":49,"column":38},"end":{"line":49,"column":60}},"loc":{"start":{"line":49,"column":72},"end":{"line":51,"column":1}},"line":49},"10":{"name":"getMemberVideosAttempt","decl":{"start":{"line":53,"column":38},"end":{"line":53,"column":60}},"loc":{"start":{"line":53,"column":65},"end":{"line":55,"column":1}},"line":53},"11":{"name":"getMemberVideosSuccess","decl":{"start":{"line":57,"column":38},"end":{"line":57,"column":60}},"loc":{"start":{"line":57,"column":71},"end":{"line":59,"column":1}},"line":57},"12":{"name":"getMemberVideosFailure","decl":{"start":{"line":61,"column":38},"end":{"line":61,"column":60}},"loc":{"start":{"line":61,"column":72},"end":{"line":63,"column":1}},"line":61},"13":{"name":"getMemberReferenceAttempt","decl":{"start":{"line":65,"column":41},"end":{"line":65,"column":66}},"loc":{"start":{"line":65,"column":71},"end":{"line":67,"column":1}},"line":65},"14":{"name":"getMemberReferenceSuccess","decl":{"start":{"line":69,"column":41},"end":{"line":69,"column":66}},"loc":{"start":{"line":69,"column":77},"end":{"line":71,"column":1}},"line":69},"15":{"name":"getMemberReferenceFailure","decl":{"start":{"line":73,"column":41},"end":{"line":73,"column":66}},"loc":{"start":{"line":73,"column":78},"end":{"line":75,"column":1}},"line":73},"16":{"name":"postEditMemberBioAttempt","decl":{"start":{"line":77,"column":40},"end":{"line":77,"column":64}},"loc":{"start":{"line":77,"column":71},"end":{"line":79,"column":1}},"line":77},"17":{"name":"postEditMemberBioSuccess","decl":{"start":{"line":81,"column":40},"end":{"line":81,"column":64}},"loc":{"start":{"line":81,"column":75},"end":{"line":83,"column":1}},"line":81},"18":{"name":"postEditMemberBioFailure","decl":{"start":{"line":85,"column":40},"end":{"line":85,"column":64}},"loc":{"start":{"line":85,"column":76},"end":{"line":87,"column":1}},"line":85},"19":{"name":"postMemberPhotoAttempt","decl":{"start":{"line":89,"column":38},"end":{"line":89,"column":60}},"loc":{"start":{"line":89,"column":67},"end":{"line":91,"column":1}},"line":89},"20":{"name":"postMemberPhotoSuccess","decl":{"start":{"line":93,"column":38},"end":{"line":93,"column":60}},"loc":{"start":{"line":93,"column":71},"end":{"line":95,"column":1}},"line":93},"21":{"name":"postMemberPhotoFailure","decl":{"start":{"line":97,"column":38},"end":{"line":97,"column":60}},"loc":{"start":{"line":97,"column":72},"end":{"line":99,"column":1}},"line":97}},"branchMap":{"0":{"loc":{"start":{"line":11,"column":46},"end":{"line":11,"column":92}},"type":"cond-expr","locations":[{"start":{"line":11,"column":70},"end":{"line":11,"column":73}},{"start":{"line":11,"column":76},"end":{"line":11,"column":92}}],"line":11},"1":{"loc":{"start":{"line":11,"column":46},"end":{"line":11,"column":67}},"type":"binary-expr","locations":[{"start":{"line":11,"column":46},"end":{"line":11,"column":49}},{"start":{"line":11,"column":53},"end":{"line":11,"column":67}}],"line":11}},"s":{"0":1,"1":1,"2":1,"3":1,"4":1,"5":0,"6":1,"7":0,"8":1,"9":0,"10":1,"11":0,"12":1,"13":0,"14":1,"15":0,"16":1,"17":0,"18":1,"19":0,"20":1,"21":0,"22":1,"23":0,"24":1,"25":0,"26":1,"27":0,"28":1,"29":0,"30":1,"31":0,"32":1,"33":0,"34":1,"35":0,"36":1,"37":0,"38":1,"39":0,"40":1,"41":0,"42":1,"43":0,"44":1,"45":0,"46":1},"f":{"0":1,"1":0,"2":0,"3":0,"4":0,"5":0,"6":0,"7":0,"8":0,"9":0,"10":0,"11":0,"12":0,"13":0,"14":0,"15":0,"16":0,"17":0,"18":0,"19":0,"20":0,"21":0},"b":{"0":[1,0],"1":[1,1]},"_coverageSchema":"332fd63041d2c1bcb487cc26dd0d5f7d97098a6c","hash":"655aef20fd5e6f4c7665c6351ef5a5f4c5f0444c","contentHash":"944327271c599e9249012a583b7308f6_10.2.0"},"/Users/leonie/Documents/pearson-one-account/src/app/profile/actions/type.js":{"path":"/Users/leonie/Documents/pearson-one-account/src/app/profile/actions/type.js","statementMap":{"0":{"start":{"line":3,"column":0},"end":{"line":5,"column":3}},"1":{"start":{"line":7,"column":18},"end":{"line":7,"column":96}},"2":{"start":{"line":9,"column":0},"end":{"line":9,"column":680}}},"fnMap":{},"branchMap":{},"s":{"0":1,"1":1,"2":1},"f":{},"b":{},"_coverageSchema":"332fd63041d2c1bcb487cc26dd0d5f7d97098a6c","hash":"8233b5374ab6e1450e8e5fc35344b4f34247f8f9","contentHash":"55aca7ebbc92fcb8f693f3d6c776374c_10.2.0"},"/Users/leonie/Documents/pearson-one-account/src/app/profile/reducers/profile-bio-reducers.js":{"path":"/Users/leonie/Documents/pearson-one-account/src/app/profile/reducers/profile-bio-reducers.js","statementMap":{"0":{"start":{"line":3,"column":0},"end":{"line":5,"column":3}},"1":{"start":{"line":6,"column":0},"end":{"line":6,"column":34}},"2":{"start":{"line":8,"column":23},"end":{"line":8,"column":127}},"3":{"start":{"line":10,"column":23},"end":{"line":10,"column":63}},"4":{"start":{"line":14,"column":25},"end":{"line":14,"column":111}},"5":{"start":{"line":16,"column":26},"end":{"line":16,"column":68}},"6":{"start":{"line":18,"column":18},"end":{"line":18,"column":96}},"7":{"start":{"line":20,"column":12},"end":{"line":20,"column":38}},"8":{"start":{"line":22,"column":13},"end":{"line":22,"column":42}},"9":{"start":{"line":24,"column":39},"end":{"line":24,"column":93}},"10":{"start":{"line":26,"column":20},"end":{"line":35,"column":2}},"11":{"start":{"line":37,"column":26},"end":{"line":39,"column":1}},"12":{"start":{"line":38,"column":2},"end":{"line":38,"column":98}},"13":{"start":{"line":41,"column":26},"end":{"line":43,"column":1}},"14":{"start":{"line":42,"column":2},"end":{"line":42,"column":102}},"15":{"start":{"line":45,"column":26},"end":{"line":47,"column":1}},"16":{"start":{"line":46,"column":2},"end":{"line":46,"column":87}},"17":{"start":{"line":49,"column":29},"end":{"line":51,"column":1}},"18":{"start":{"line":50,"column":2},"end":{"line":50,"column":105}},"19":{"start":{"line":53,"column":29},"end":{"line":59,"column":1}},"20":{"start":{"line":54,"column":2},"end":{"line":58,"column":5}},"21":{"start":{"line":61,"column":29},"end":{"line":63,"column":1}},"22":{"start":{"line":62,"column":2},"end":{"line":62,"column":88}},"23":{"start":{"line":65,"column":29},"end":{"line":67,"column":1}},"24":{"start":{"line":66,"column":2},"end":{"line":66,"column":105}},"25":{"start":{"line":69,"column":29},"end":{"line":71,"column":1}},"26":{"start":{"line":70,"column":2},"end":{"line":70,"column":113}},"27":{"start":{"line":73,"column":29},"end":{"line":75,"column":1}},"28":{"start":{"line":74,"column":2},"end":{"line":74,"column":88}},"29":{"start":{"line":77,"column":32},"end":{"line":82,"column":1}},"30":{"start":{"line":78,"column":2},"end":{"line":81,"column":5}},"31":{"start":{"line":84,"column":32},"end":{"line":89,"column":1}},"32":{"start":{"line":85,"column":2},"end":{"line":88,"column":5}},"33":{"start":{"line":91,"column":32},"end":{"line":93,"column":1}},"34":{"start":{"line":92,"column":2},"end":{"line":92,"column":91}},"35":{"start":{"line":95,"column":31},"end":{"line":97,"column":1}},"36":{"start":{"line":96,"column":2},"end":{"line":96,"column":73}},"37":{"start":{"line":99,"column":31},"end":{"line":101,"column":1}},"38":{"start":{"line":100,"column":2},"end":{"line":100,"column":74}},"39":{"start":{"line":103,"column":31},"end":{"line":105,"column":1}},"40":{"start":{"line":104,"column":2},"end":{"line":104,"column":86}},"41":{"start":{"line":107,"column":28},"end":{"line":109,"column":1}},"42":{"start":{"line":108,"column":2},"end":{"line":108,"column":102}},"43":{"start":{"line":111,"column":28},"end":{"line":117,"column":1}},"44":{"start":{"line":112,"column":2},"end":{"line":116,"column":5}},"45":{"start":{"line":119,"column":28},"end":{"line":121,"column":1}},"46":{"start":{"line":120,"column":2},"end":{"line":120,"column":87}},"47":{"start":{"line":123,"column":29},"end":{"line":125,"column":1}},"48":{"start":{"line":124,"column":2},"end":{"line":124,"column":75}},"49":{"start":{"line":127,"column":29},"end":{"line":134,"column":1}},"50":{"start":{"line":128,"column":2},"end":{"line":133,"column":5}},"51":{"start":{"line":136,"column":29},"end":{"line":138,"column":1}},"52":{"start":{"line":137,"column":2},"end":{"line":137,"column":88}},"53":{"start":{"line":141,"column":23},"end":{"line":141,"column":2486}},"54":{"start":{"line":143,"column":0},"end":{"line":143,"column":81}}},"fnMap":{"0":{"name":"_interopRequireDefault","decl":{"start":{"line":24,"column":9},"end":{"line":24,"column":31}},"loc":{"start":{"line":24,"column":37},"end":{"line":24,"column":95}},"line":24},"1":{"name":"getMemberBioAttempt","decl":{"start":{"line":37,"column":35},"end":{"line":37,"column":54}},"loc":{"start":{"line":37,"column":62},"end":{"line":39,"column":1}},"line":37},"2":{"name":"getMemberBioSuccess","decl":{"start":{"line":41,"column":35},"end":{"line":41,"column":54}},"loc":{"start":{"line":41,"column":70},"end":{"line":43,"column":1}},"line":41},"3":{"name":"getMemberBioFailure","decl":{"start":{"line":45,"column":35},"end":{"line":45,"column":54}},"loc":{"start":{"line":45,"column":70},"end":{"line":47,"column":1}},"line":45},"4":{"name":"getMemberPhotosAttempt","decl":{"start":{"line":49,"column":38},"end":{"line":49,"column":60}},"loc":{"start":{"line":49,"column":68},"end":{"line":51,"column":1}},"line":49},"5":{"name":"getMemberPhotosSuccess","decl":{"start":{"line":53,"column":38},"end":{"line":53,"column":60}},"loc":{"start":{"line":53,"column":76},"end":{"line":59,"column":1}},"line":53},"6":{"name":"getMemberPhotosFailure","decl":{"start":{"line":61,"column":38},"end":{"line":61,"column":60}},"loc":{"start":{"line":61,"column":76},"end":{"line":63,"column":1}},"line":61},"7":{"name":"getMemberVideosAttempt","decl":{"start":{"line":65,"column":38},"end":{"line":65,"column":60}},"loc":{"start":{"line":65,"column":76},"end":{"line":67,"column":1}},"line":65},"8":{"name":"getMemberVideosSuccess","decl":{"start":{"line":69,"column":38},"end":{"line":69,"column":60}},"loc":{"start":{"line":69,"column":76},"end":{"line":71,"column":1}},"line":69},"9":{"name":"getMemberVideosFailure","decl":{"start":{"line":73,"column":38},"end":{"line":73,"column":60}},"loc":{"start":{"line":73,"column":76},"end":{"line":75,"column":1}},"line":73},"10":{"name":"getMemberReferenceAttempt","decl":{"start":{"line":77,"column":41},"end":{"line":77,"column":66}},"loc":{"start":{"line":77,"column":74},"end":{"line":82,"column":1}},"line":77},"11":{"name":"getMemberReferenceSuccess","decl":{"start":{"line":84,"column":41},"end":{"line":84,"column":66}},"loc":{"start":{"line":84,"column":82},"end":{"line":89,"column":1}},"line":84},"12":{"name":"getMemberReferenceFailure","decl":{"start":{"line":91,"column":41},"end":{"line":91,"column":66}},"loc":{"start":{"line":91,"column":82},"end":{"line":93,"column":1}},"line":91},"13":{"name":"postEditMemberBioAttempt","decl":{"start":{"line":95,"column":40},"end":{"line":95,"column":64}},"loc":{"start":{"line":95,"column":72},"end":{"line":97,"column":1}},"line":95},"14":{"name":"postEditMemberBioSuccess","decl":{"start":{"line":99,"column":40},"end":{"line":99,"column":64}},"loc":{"start":{"line":99,"column":72},"end":{"line":101,"column":1}},"line":99},"15":{"name":"postEditMemberBioFailure","decl":{"start":{"line":103,"column":40},"end":{"line":103,"column":64}},"loc":{"start":{"line":103,"column":80},"end":{"line":105,"column":1}},"line":103},"16":{"name":"getMemberMediaAttempt","decl":{"start":{"line":107,"column":37},"end":{"line":107,"column":58}},"loc":{"start":{"line":107,"column":66},"end":{"line":109,"column":1}},"line":107},"17":{"name":"getMemberMediaSuccess","decl":{"start":{"line":111,"column":37},"end":{"line":111,"column":58}},"loc":{"start":{"line":111,"column":74},"end":{"line":117,"column":1}},"line":111},"18":{"name":"getMemberMediaFailure","decl":{"start":{"line":119,"column":37},"end":{"line":119,"column":58}},"loc":{"start":{"line":119,"column":74},"end":{"line":121,"column":1}},"line":119},"19":{"name":"postMemberPhotoAttempt","decl":{"start":{"line":123,"column":38},"end":{"line":123,"column":60}},"loc":{"start":{"line":123,"column":68},"end":{"line":125,"column":1}},"line":123},"20":{"name":"postMemberPhotoSuccess","decl":{"start":{"line":127,"column":38},"end":{"line":127,"column":60}},"loc":{"start":{"line":127,"column":76},"end":{"line":134,"column":1}},"line":127},"21":{"name":"postMemberPhotoFailure","decl":{"start":{"line":136,"column":38},"end":{"line":136,"column":60}},"loc":{"start":{"line":136,"column":76},"end":{"line":138,"column":1}},"line":136}},"branchMap":{"0":{"loc":{"start":{"line":24,"column":46},"end":{"line":24,"column":92}},"type":"cond-expr","locations":[{"start":{"line":24,"column":70},"end":{"line":24,"column":73}},{"start":{"line":24,"column":76},"end":{"line":24,"column":92}}],"line":24},"1":{"loc":{"start":{"line":24,"column":46},"end":{"line":24,"column":67}},"type":"binary-expr","locations":[{"start":{"line":24,"column":46},"end":{"line":24,"column":49}},{"start":{"line":24,"column":53},"end":{"line":24,"column":67}}],"line":24}},"s":{"0":1,"1":1,"2":1,"3":1,"4":1,"5":1,"6":1,"7":1,"8":1,"9":3,"10":1,"11":1,"12":0,"13":1,"14":0,"15":1,"16":0,"17":1,"18":0,"19":1,"20":0,"21":1,"22":0,"23":1,"24":0,"25":1,"26":0,"27":1,"28":0,"29":1,"30":0,"31":1,"32":0,"33":1,"34":0,"35":1,"36":0,"37":1,"38":0,"39":1,"40":0,"41":1,"42":0,"43":1,"44":0,"45":1,"46":0,"47":1,"48":0,"49":1,"50":0,"51":1,"52":0,"53":1,"54":1},"f":{"0":3,"1":0,"2":0,"3":0,"4":0,"5":0,"6":0,"7":0,"8":0,"9":0,"10":0,"11":0,"12":0,"13":0,"14":0,"15":0,"16":0,"17":0,"18":0,"19":0,"20":0,"21":0},"b":{"0":[2,1],"1":[3,3]},"_coverageSchema":"332fd63041d2c1bcb487cc26dd0d5f7d97098a6c","hash":"317729ffd743cc4d8530255c1707fd734b304dcc","contentHash":"acd6b7ac8039fa4584245965cc56aae0_10.2.0"},"/Users/leonie/Documents/pearson-one-account/src/app/workbooks-builder/reducers/reducer.spec.js":{"path":"/Users/leonie/Documents/pearson-one-account/src/app/workbooks-builder/reducers/reducer.spec.js","statementMap":{"0":{"start":{"line":3,"column":12},"end":{"line":3,"column":84}},"1":{"start":{"line":5,"column":12},"end":{"line":5,"column":105}},"2":{"start":{"line":7,"column":13},"end":{"line":7,"column":42}},"3":{"start":{"line":9,"column":15},"end":{"line":9,"column":111}},"4":{"start":{"line":11,"column":16},"end":{"line":11,"column":48}},"5":{"start":{"line":13,"column":39},"end":{"line":13,"column":93}},"6":{"start":{"line":15,"column":0},"end":{"line":84,"column":3}},"7":{"start":{"line":16,"column":2},"end":{"line":46,"column":5}},"8":{"start":{"line":17,"column":4},"end":{"line":32,"column":7}},"9":{"start":{"line":18,"column":6},"end":{"line":31,"column":9}},"10":{"start":{"line":19,"column":23},"end":{"line":19,"column":37}},"11":{"start":{"line":20,"column":23},"end":{"line":20,"column":25}},"12":{"start":{"line":21,"column":22},"end":{"line":21,"column":23}},"13":{"start":{"line":23,"column":23},"end":{"line":28,"column":9}},"14":{"start":{"line":30,"column":8},"end":{"line":30,"column":113}},"15":{"start":{"line":34,"column":4},"end":{"line":45,"column":7}},"16":{"start":{"line":35,"column":6},"end":{"line":44,"column":9}},"17":{"start":{"line":36,"column":23},"end":{"line":38,"column":9}},"18":{"start":{"line":39,"column":29},"end":{"line":42,"column":9}},"19":{"start":{"line":43,"column":8},"end":{"line":43,"column":100}},"20":{"start":{"line":48,"column":2},"end":{"line":83,"column":5}},"21":{"start":{"line":49,"column":4},"end":{"line":60,"column":7}},"22":{"start":{"line":50,"column":6},"end":{"line":59,"column":9}},"23":{"start":{"line":51,"column":26},"end":{"line":51,"column":27}},"24":{"start":{"line":52,"column":22},"end":{"line":52,"column":24}},"25":{"start":{"line":53,"column":23},"end":{"line":57,"column":9}},"26":{"start":{"line":58,"column":8},"end":{"line":58,"column":103}},"27":{"start":{"line":61,"column":4},"end":{"line":72,"column":7}},"28":{"start":{"line":62,"column":6},"end":{"line":71,"column":9}},"29":{"start":{"line":63,"column":23},"end":{"line":65,"column":9}},"30":{"start":{"line":66,"column":23},"end":{"line":69,"column":9}},"31":{"start":{"line":70,"column":8},"end":{"line":70,"column":91}},"32":{"start":{"line":73,"column":4},"end":{"line":82,"column":7}},"33":{"start":{"line":74,"column":6},"end":{"line":81,"column":9}},"34":{"start":{"line":75,"column":18},"end":{"line":75,"column":22}},"35":{"start":{"line":76,"column":29},"end":{"line":79,"column":9}},"36":{"start":{"line":80,"column":8},"end":{"line":80,"column":92}}},"fnMap":{"0":{"name":"_interopRequireDefault","decl":{"start":{"line":13,"column":9},"end":{"line":13,"column":31}},"loc":{"start":{"line":13,"column":37},"end":{"line":13,"column":95}},"line":13},"1":{"name":"(anonymous_1)","decl":{"start":{"line":15,"column":39},"end":{"line":15,"column":40}},"loc":{"start":{"line":15,"column":51},"end":{"line":84,"column":1}},"line":15},"2":{"name":"(anonymous_2)","decl":{"start":{"line":16,"column":30},"end":{"line":16,"column":31}},"loc":{"start":{"line":16,"column":42},"end":{"line":46,"column":3}},"line":16},"3":{"name":"(anonymous_3)","decl":{"start":{"line":17,"column":26},"end":{"line":17,"column":27}},"loc":{"start":{"line":17,"column":38},"end":{"line":32,"column":5}},"line":17},"4":{"name":"(anonymous_4)","decl":{"start":{"line":18,"column":57},"end":{"line":18,"column":58}},"loc":{"start":{"line":18,"column":69},"end":{"line":31,"column":7}},"line":18},"5":{"name":"(anonymous_5)","decl":{"start":{"line":34,"column":26},"end":{"line":34,"column":27}},"loc":{"start":{"line":34,"column":38},"end":{"line":45,"column":5}},"line":34},"6":{"name":"(anonymous_6)","decl":{"start":{"line":35,"column":57},"end":{"line":35,"column":58}},"loc":{"start":{"line":35,"column":69},"end":{"line":44,"column":7}},"line":35},"7":{"name":"(anonymous_7)","decl":{"start":{"line":48,"column":27},"end":{"line":48,"column":28}},"loc":{"start":{"line":48,"column":39},"end":{"line":83,"column":3}},"line":48},"8":{"name":"(anonymous_8)","decl":{"start":{"line":49,"column":26},"end":{"line":49,"column":27}},"loc":{"start":{"line":49,"column":38},"end":{"line":60,"column":5}},"line":49},"9":{"name":"(anonymous_9)","decl":{"start":{"line":50,"column":54},"end":{"line":50,"column":55}},"loc":{"start":{"line":50,"column":66},"end":{"line":59,"column":7}},"line":50},"10":{"name":"(anonymous_10)","decl":{"start":{"line":61,"column":26},"end":{"line":61,"column":27}},"loc":{"start":{"line":61,"column":38},"end":{"line":72,"column":5}},"line":61},"11":{"name":"(anonymous_11)","decl":{"start":{"line":62,"column":54},"end":{"line":62,"column":55}},"loc":{"start":{"line":62,"column":66},"end":{"line":71,"column":7}},"line":62},"12":{"name":"(anonymous_12)","decl":{"start":{"line":73,"column":26},"end":{"line":73,"column":27}},"loc":{"start":{"line":73,"column":38},"end":{"line":82,"column":5}},"line":73},"13":{"name":"(anonymous_13)","decl":{"start":{"line":74,"column":54},"end":{"line":74,"column":55}},"loc":{"start":{"line":74,"column":66},"end":{"line":81,"column":7}},"line":74}},"branchMap":{"0":{"loc":{"start":{"line":13,"column":46},"end":{"line":13,"column":92}},"type":"cond-expr","locations":[{"start":{"line":13,"column":70},"end":{"line":13,"column":73}},{"start":{"line":13,"column":76},"end":{"line":13,"column":92}}],"line":13},"1":{"loc":{"start":{"line":13,"column":46},"end":{"line":13,"column":67}},"type":"binary-expr","locations":[{"start":{"line":13,"column":46},"end":{"line":13,"column":49}},{"start":{"line":13,"column":53},"end":{"line":13,"column":67}}],"line":13}},"s":{"0":1,"1":1,"2":1,"3":1,"4":1,"5":2,"6":1,"7":1,"8":1,"9":1,"10":0,"11":0,"12":0,"13":0,"14":0,"15":1,"16":1,"17":0,"18":0,"19":0,"20":1,"21":1,"22":1,"23":0,"24":0,"25":0,"26":0,"27":1,"28":1,"29":0,"30":0,"31":0,"32":1,"33":1,"34":0,"35":0,"36":0},"f":{"0":2,"1":1,"2":1,"3":1,"4":0,"5":1,"6":0,"7":1,"8":1,"9":0,"10":1,"11":0,"12":1,"13":0},"b":{"0":[2,0],"1":[2,2]},"_coverageSchema":"332fd63041d2c1bcb487cc26dd0d5f7d97098a6c","hash":"9e7d88ad16df118b7a0b785de9681136d404d8a9","contentHash":"c4504d384d47a08bfdf56ee61d87c7c4_10.2.0"},"/Users/leonie/Documents/pearson-one-account/src/app/workbooks-builder/actions/type.js":{"path":"/Users/leonie/Documents/pearson-one-account/src/app/workbooks-builder/actions/type.js","statementMap":{"0":{"start":{"line":3,"column":0},"end":{"line":5,"column":3}},"1":{"start":{"line":7,"column":18},"end":{"line":7,"column":96}},"2":{"start":{"line":9,"column":0},"end":{"line":9,"column":1410}}},"fnMap":{},"branchMap":{},"s":{"0":1,"1":1,"2":1},"f":{},"b":{},"_coverageSchema":"332fd63041d2c1bcb487cc26dd0d5f7d97098a6c","hash":"850548295bfe2744d0d59aba1ba6e06b62e061af","contentHash":"b5216dadd7072e315b3f20446d2d6e9e_10.2.0"},"/Users/leonie/Documents/pearson-one-account/src/app/workbooks-builder/actions/creator.js":{"path":"/Users/leonie/Documents/pearson-one-account/src/app/workbooks-builder/actions/creator.js","statementMap":{"0":{"start":{"line":3,"column":0},"end":{"line":5,"column":3}},"1":{"start":{"line":7,"column":12},"end":{"line":7,"column":29}},"2":{"start":{"line":9,"column":13},"end":{"line":9,"column":42}},"3":{"start":{"line":11,"column":39},"end":{"line":11,"column":93}},"4":{"start":{"line":15,"column":30},"end":{"line":17,"column":1}},"5":{"start":{"line":16,"column":2},"end":{"line":16,"column":73}},"6":{"start":{"line":19,"column":30},"end":{"line":21,"column":1}},"7":{"start":{"line":20,"column":2},"end":{"line":20,"column":83}},"8":{"start":{"line":23,"column":30},"end":{"line":25,"column":1}},"9":{"start":{"line":24,"column":2},"end":{"line":24,"column":83}},"10":{"start":{"line":32,"column":28},"end":{"line":34,"column":1}},"11":{"start":{"line":33,"column":2},"end":{"line":33,"column":116}},"12":{"start":{"line":36,"column":28},"end":{"line":38,"column":1}},"13":{"start":{"line":37,"column":2},"end":{"line":37,"column":78}},"14":{"start":{"line":40,"column":28},"end":{"line":42,"column":1}},"15":{"start":{"line":41,"column":2},"end":{"line":41,"column":72}},"16":{"start":{"line":44,"column":21},"end":{"line":46,"column":1}},"17":{"start":{"line":45,"column":2},"end":{"line":45,"column":70}},"18":{"start":{"line":48,"column":25},"end":{"line":50,"column":1}},"19":{"start":{"line":49,"column":2},"end":{"line":49,"column":99}},"20":{"start":{"line":52,"column":25},"end":{"line":54,"column":1}},"21":{"start":{"line":53,"column":2},"end":{"line":53,"column":75}},"22":{"start":{"line":56,"column":25},"end":{"line":58,"column":1}},"23":{"start":{"line":57,"column":2},"end":{"line":57,"column":65}},"24":{"start":{"line":63,"column":31},"end":{"line":65,"column":1}},"25":{"start":{"line":64,"column":2},"end":{"line":64,"column":62}},"26":{"start":{"line":70,"column":25},"end":{"line":72,"column":1}},"27":{"start":{"line":71,"column":2},"end":{"line":71,"column":55}},"28":{"start":{"line":77,"column":30},"end":{"line":79,"column":1}},"29":{"start":{"line":78,"column":2},"end":{"line":78,"column":61}},"30":{"start":{"line":81,"column":30},"end":{"line":83,"column":1}},"31":{"start":{"line":82,"column":2},"end":{"line":82,"column":91}},"32":{"start":{"line":85,"column":30},"end":{"line":87,"column":1}},"33":{"start":{"line":86,"column":2},"end":{"line":86,"column":83}},"34":{"start":{"line":92,"column":24},"end":{"line":94,"column":1}},"35":{"start":{"line":93,"column":2},"end":{"line":93,"column":54}},"36":{"start":{"line":96,"column":24},"end":{"line":98,"column":1}},"37":{"start":{"line":97,"column":2},"end":{"line":97,"column":72}},"38":{"start":{"line":100,"column":24},"end":{"line":102,"column":1}},"39":{"start":{"line":101,"column":2},"end":{"line":101,"column":76}},"40":{"start":{"line":107,"column":23},"end":{"line":109,"column":1}},"41":{"start":{"line":108,"column":2},"end":{"line":108,"column":77}},"42":{"start":{"line":111,"column":23},"end":{"line":113,"column":1}},"43":{"start":{"line":112,"column":2},"end":{"line":112,"column":69}},"44":{"start":{"line":115,"column":23},"end":{"line":117,"column":1}},"45":{"start":{"line":116,"column":2},"end":{"line":116,"column":75}},"46":{"start":{"line":122,"column":25},"end":{"line":124,"column":1}},"47":{"start":{"line":123,"column":2},"end":{"line":123,"column":93}},"48":{"start":{"line":126,"column":29},"end":{"line":128,"column":1}},"49":{"start":{"line":127,"column":2},"end":{"line":127,"column":67}},"50":{"start":{"line":130,"column":30},"end":{"line":132,"column":1}},"51":{"start":{"line":131,"column":2},"end":{"line":131,"column":77}},"52":{"start":{"line":134,"column":30},"end":{"line":136,"column":1}},"53":{"start":{"line":135,"column":2},"end":{"line":135,"column":81}},"54":{"start":{"line":138,"column":30},"end":{"line":140,"column":1}},"55":{"start":{"line":139,"column":2},"end":{"line":139,"column":83}},"56":{"start":{"line":142,"column":31},"end":{"line":144,"column":1}},"57":{"start":{"line":143,"column":2},"end":{"line":143,"column":80}},"58":{"start":{"line":146,"column":31},"end":{"line":148,"column":1}},"59":{"start":{"line":147,"column":2},"end":{"line":147,"column":82}},"60":{"start":{"line":150,"column":31},"end":{"line":152,"column":1}},"61":{"start":{"line":151,"column":2},"end":{"line":151,"column":84}},"62":{"start":{"line":154,"column":33},"end":{"line":156,"column":1}},"63":{"start":{"line":155,"column":2},"end":{"line":155,"column":84}},"64":{"start":{"line":158,"column":33},"end":{"line":160,"column":1}},"65":{"start":{"line":159,"column":2},"end":{"line":159,"column":84}},"66":{"start":{"line":162,"column":33},"end":{"line":164,"column":1}},"67":{"start":{"line":163,"column":2},"end":{"line":163,"column":86}},"68":{"start":{"line":169,"column":25},"end":{"line":171,"column":1}},"69":{"start":{"line":170,"column":2},"end":{"line":170,"column":79}},"70":{"start":{"line":173,"column":25},"end":{"line":175,"column":1}},"71":{"start":{"line":174,"column":2},"end":{"line":174,"column":75}},"72":{"start":{"line":177,"column":25},"end":{"line":179,"column":1}},"73":{"start":{"line":178,"column":2},"end":{"line":178,"column":77}},"74":{"start":{"line":185,"column":28},"end":{"line":187,"column":1}},"75":{"start":{"line":186,"column":2},"end":{"line":186,"column":136}},"76":{"start":{"line":189,"column":28},"end":{"line":191,"column":1}},"77":{"start":{"line":190,"column":2},"end":{"line":190,"column":92}},"78":{"start":{"line":193,"column":28},"end":{"line":195,"column":1}},"79":{"start":{"line":194,"column":2},"end":{"line":194,"column":80}},"80":{"start":{"line":200,"column":28},"end":{"line":202,"column":1}},"81":{"start":{"line":201,"column":2},"end":{"line":201,"column":110}},"82":{"start":{"line":204,"column":28},"end":{"line":206,"column":1}},"83":{"start":{"line":205,"column":2},"end":{"line":205,"column":78}},"84":{"start":{"line":208,"column":28},"end":{"line":210,"column":1}},"85":{"start":{"line":209,"column":2},"end":{"line":209,"column":80}},"86":{"start":{"line":212,"column":27},"end":{"line":214,"column":1}},"87":{"start":{"line":213,"column":2},"end":{"line":213,"column":82}},"88":{"start":{"line":216,"column":26},"end":{"line":218,"column":1}},"89":{"start":{"line":217,"column":2},"end":{"line":217,"column":56}},"90":{"start":{"line":223,"column":26},"end":{"line":225,"column":1}},"91":{"start":{"line":224,"column":2},"end":{"line":224,"column":56}},"92":{"start":{"line":227,"column":21},"end":{"line":229,"column":1}},"93":{"start":{"line":228,"column":2},"end":{"line":228,"column":69}},"94":{"start":{"line":231,"column":27},"end":{"line":233,"column":1}},"95":{"start":{"line":232,"column":2},"end":{"line":232,"column":76}},"96":{"start":{"line":238,"column":0},"end":{"line":286,"column":2}}},"fnMap":{"0":{"name":"_interopRequireDefault","decl":{"start":{"line":11,"column":9},"end":{"line":11,"column":31}},"loc":{"start":{"line":11,"column":37},"end":{"line":11,"column":95}},"line":11},"1":{"name":"getMockWorkbooksAttempt","decl":{"start":{"line":15,"column":39},"end":{"line":15,"column":62}},"loc":{"start":{"line":15,"column":69},"end":{"line":17,"column":1}},"line":15},"2":{"name":"getMockWorkbooksSuccess","decl":{"start":{"line":19,"column":39},"end":{"line":19,"column":62}},"loc":{"start":{"line":19,"column":74},"end":{"line":21,"column":1}},"line":19},"3":{"name":"getMockWorkbooksFailure","decl":{"start":{"line":23,"column":39},"end":{"line":23,"column":62}},"loc":{"start":{"line":23,"column":74},"end":{"line":25,"column":1}},"line":23},"4":{"name":"createWorkbookAttempt","decl":{"start":{"line":32,"column":37},"end":{"line":32,"column":58}},"loc":{"start":{"line":32,"column":88},"end":{"line":34,"column":1}},"line":32},"5":{"name":"createWorkbookSuccess","decl":{"start":{"line":36,"column":37},"end":{"line":36,"column":58}},"loc":{"start":{"line":36,"column":69},"end":{"line":38,"column":1}},"line":36},"6":{"name":"createWorkbookFailure","decl":{"start":{"line":40,"column":37},"end":{"line":40,"column":58}},"loc":{"start":{"line":40,"column":66},"end":{"line":42,"column":1}},"line":40},"7":{"name":"updateWorkbook","decl":{"start":{"line":44,"column":30},"end":{"line":44,"column":44}},"loc":{"start":{"line":44,"column":55},"end":{"line":46,"column":1}},"line":44},"8":{"name":"getWorkbookAttempt","decl":{"start":{"line":48,"column":34},"end":{"line":48,"column":52}},"loc":{"start":{"line":48,"column":75},"end":{"line":50,"column":1}},"line":48},"9":{"name":"getWorkbookSuccess","decl":{"start":{"line":52,"column":34},"end":{"line":52,"column":52}},"loc":{"start":{"line":52,"column":63},"end":{"line":54,"column":1}},"line":52},"10":{"name":"getWorkbookFailure","decl":{"start":{"line":56,"column":34},"end":{"line":56,"column":52}},"loc":{"start":{"line":56,"column":58},"end":{"line":58,"column":1}},"line":56},"11":{"name":"getWorkbookEditorContent","decl":{"start":{"line":63,"column":40},"end":{"line":63,"column":64}},"loc":{"start":{"line":63,"column":67},"end":{"line":65,"column":1}},"line":63},"12":{"name":"toggleOutcomesTray","decl":{"start":{"line":70,"column":34},"end":{"line":70,"column":52}},"loc":{"start":{"line":70,"column":55},"end":{"line":72,"column":1}},"line":70},"13":{"name":"getActivityTypesAttempt","decl":{"start":{"line":77,"column":39},"end":{"line":77,"column":62}},"loc":{"start":{"line":77,"column":65},"end":{"line":79,"column":1}},"line":77},"14":{"name":"getActivityTypesSuccess","decl":{"start":{"line":81,"column":39},"end":{"line":81,"column":62}},"loc":{"start":{"line":81,"column":78},"end":{"line":83,"column":1}},"line":81},"15":{"name":"getActivityTypesFailure","decl":{"start":{"line":85,"column":39},"end":{"line":85,"column":62}},"loc":{"start":{"line":85,"column":74},"end":{"line":87,"column":1}},"line":85},"16":{"name":"getSectorsAttempt","decl":{"start":{"line":92,"column":33},"end":{"line":92,"column":50}},"loc":{"start":{"line":92,"column":53},"end":{"line":94,"column":1}},"line":92},"17":{"name":"getSectorsSuccess","decl":{"start":{"line":96,"column":33},"end":{"line":96,"column":50}},"loc":{"start":{"line":96,"column":60},"end":{"line":98,"column":1}},"line":96},"18":{"name":"getSectorsFailure","decl":{"start":{"line":100,"column":33},"end":{"line":100,"column":50}},"loc":{"start":{"line":100,"column":62},"end":{"line":102,"column":1}},"line":100},"19":{"name":"getSectorAttempt","decl":{"start":{"line":107,"column":32},"end":{"line":107,"column":48}},"loc":{"start":{"line":107,"column":61},"end":{"line":109,"column":1}},"line":107},"20":{"name":"getSectorSuccess","decl":{"start":{"line":111,"column":32},"end":{"line":111,"column":48}},"loc":{"start":{"line":111,"column":57},"end":{"line":113,"column":1}},"line":111},"21":{"name":"getSectorFailure","decl":{"start":{"line":115,"column":32},"end":{"line":115,"column":48}},"loc":{"start":{"line":115,"column":60},"end":{"line":117,"column":1}},"line":115},"22":{"name":"editorUpdateEntity","decl":{"start":{"line":122,"column":34},"end":{"line":122,"column":52}},"loc":{"start":{"line":122,"column":72},"end":{"line":124,"column":1}},"line":122},"23":{"name":"clearEntityUpdateQueue","decl":{"start":{"line":126,"column":38},"end":{"line":126,"column":60}},"loc":{"start":{"line":126,"column":63},"end":{"line":128,"column":1}},"line":126},"24":{"name":"getWorkbookMediaAttempt","decl":{"start":{"line":130,"column":39},"end":{"line":130,"column":62}},"loc":{"start":{"line":130,"column":71},"end":{"line":132,"column":1}},"line":130},"25":{"name":"getWorkbookMediaSuccess","decl":{"start":{"line":134,"column":39},"end":{"line":134,"column":62}},"loc":{"start":{"line":134,"column":73},"end":{"line":136,"column":1}},"line":134},"26":{"name":"getWorkbookMediaFailure","decl":{"start":{"line":138,"column":39},"end":{"line":138,"column":62}},"loc":{"start":{"line":138,"column":74},"end":{"line":140,"column":1}},"line":138},"27":{"name":"postWorkbookMediaAttempt","decl":{"start":{"line":142,"column":40},"end":{"line":142,"column":64}},"loc":{"start":{"line":142,"column":74},"end":{"line":144,"column":1}},"line":142},"28":{"name":"postWorkbookMediaSuccess","decl":{"start":{"line":146,"column":40},"end":{"line":146,"column":64}},"loc":{"start":{"line":146,"column":75},"end":{"line":148,"column":1}},"line":146},"29":{"name":"postWorkbookMediaFailure","decl":{"start":{"line":150,"column":40},"end":{"line":150,"column":64}},"loc":{"start":{"line":150,"column":76},"end":{"line":152,"column":1}},"line":150},"30":{"name":"deleteWorkbookMediaAttempt","decl":{"start":{"line":154,"column":42},"end":{"line":154,"column":68}},"loc":{"start":{"line":154,"column":79},"end":{"line":156,"column":1}},"line":154},"31":{"name":"deleteWorkbookMediaSuccess","decl":{"start":{"line":158,"column":42},"end":{"line":158,"column":68}},"loc":{"start":{"line":158,"column":79},"end":{"line":160,"column":1}},"line":158},"32":{"name":"deleteWorkbookMediaFailure","decl":{"start":{"line":162,"column":42},"end":{"line":162,"column":68}},"loc":{"start":{"line":162,"column":80},"end":{"line":164,"column":1}},"line":162},"33":{"name":"getActivityAttempt","decl":{"start":{"line":169,"column":34},"end":{"line":169,"column":52}},"loc":{"start":{"line":169,"column":65},"end":{"line":171,"column":1}},"line":169},"34":{"name":"getActivitySuccess","decl":{"start":{"line":173,"column":34},"end":{"line":173,"column":52}},"loc":{"start":{"line":173,"column":63},"end":{"line":175,"column":1}},"line":173},"35":{"name":"getActivityFailure","decl":{"start":{"line":177,"column":34},"end":{"line":177,"column":52}},"loc":{"start":{"line":177,"column":64},"end":{"line":179,"column":1}},"line":177},"36":{"name":"updateActivityAttempt","decl":{"start":{"line":185,"column":37},"end":{"line":185,"column":58}},"loc":{"start":{"line":185,"column":98},"end":{"line":187,"column":1}},"line":185},"37":{"name":"updateActivitySuccess","decl":{"start":{"line":189,"column":37},"end":{"line":189,"column":58}},"loc":{"start":{"line":189,"column":76},"end":{"line":191,"column":1}},"line":189},"38":{"name":"updateActivityFailure","decl":{"start":{"line":193,"column":37},"end":{"line":193,"column":58}},"loc":{"start":{"line":193,"column":70},"end":{"line":195,"column":1}},"line":193},"39":{"name":"createActivityAttempt","decl":{"start":{"line":200,"column":37},"end":{"line":200,"column":58}},"loc":{"start":{"line":200,"column":85},"end":{"line":202,"column":1}},"line":200},"40":{"name":"createActivitySuccess","decl":{"start":{"line":204,"column":37},"end":{"line":204,"column":58}},"loc":{"start":{"line":204,"column":69},"end":{"line":206,"column":1}},"line":204},"41":{"name":"createActivityFailure","decl":{"start":{"line":208,"column":37},"end":{"line":208,"column":58}},"loc":{"start":{"line":208,"column":70},"end":{"line":210,"column":1}},"line":208},"42":{"name":"mapToLearningOutcome","decl":{"start":{"line":212,"column":36},"end":{"line":212,"column":56}},"loc":{"start":{"line":212,"column":69},"end":{"line":214,"column":1}},"line":212},"43":{"name":"clearMappedActivity","decl":{"start":{"line":216,"column":35},"end":{"line":216,"column":54}},"loc":{"start":{"line":216,"column":57},"end":{"line":218,"column":1}},"line":216},"44":{"name":"clearLoadedActivity","decl":{"start":{"line":223,"column":35},"end":{"line":223,"column":54}},"loc":{"start":{"line":223,"column":57},"end":{"line":225,"column":1}},"line":223},"45":{"name":"onEditorChange","decl":{"start":{"line":227,"column":30},"end":{"line":227,"column":44}},"loc":{"start":{"line":227,"column":54},"end":{"line":229,"column":1}},"line":227},"46":{"name":"recordLastSavedState","decl":{"start":{"line":231,"column":36},"end":{"line":231,"column":56}},"loc":{"start":{"line":231,"column":66},"end":{"line":233,"column":1}},"line":231}},"branchMap":{"0":{"loc":{"start":{"line":11,"column":46},"end":{"line":11,"column":92}},"type":"cond-expr","locations":[{"start":{"line":11,"column":70},"end":{"line":11,"column":73}},{"start":{"line":11,"column":76},"end":{"line":11,"column":92}}],"line":11},"1":{"loc":{"start":{"line":11,"column":46},"end":{"line":11,"column":67}},"type":"binary-expr","locations":[{"start":{"line":11,"column":46},"end":{"line":11,"column":49}},{"start":{"line":11,"column":53},"end":{"line":11,"column":67}}],"line":11}},"s":{"0":1,"1":1,"2":1,"3":1,"4":1,"5":0,"6":1,"7":0,"8":1,"9":0,"10":1,"11":0,"12":1,"13":0,"14":1,"15":0,"16":1,"17":0,"18":1,"19":0,"20":1,"21":0,"22":1,"23":0,"24":1,"25":0,"26":1,"27":0,"28":1,"29":0,"30":1,"31":0,"32":1,"33":0,"34":1,"35":0,"36":1,"37":0,"38":1,"39":0,"40":1,"41":0,"42":1,"43":0,"44":1,"45":0,"46":1,"47":0,"48":1,"49":0,"50":1,"51":0,"52":1,"53":0,"54":1,"55":0,"56":1,"57":0,"58":1,"59":0,"60":1,"61":0,"62":1,"63":0,"64":1,"65":0,"66":1,"67":0,"68":1,"69":0,"70":1,"71":0,"72":1,"73":0,"74":1,"75":0,"76":1,"77":0,"78":1,"79":0,"80":1,"81":0,"82":1,"83":0,"84":1,"85":0,"86":1,"87":0,"88":1,"89":0,"90":1,"91":0,"92":1,"93":0,"94":1,"95":0,"96":1},"f":{"0":1,"1":0,"2":0,"3":0,"4":0,"5":0,"6":0,"7":0,"8":0,"9":0,"10":0,"11":0,"12":0,"13":0,"14":0,"15":0,"16":0,"17":0,"18":0,"19":0,"20":0,"21":0,"22":0,"23":0,"24":0,"25":0,"26":0,"27":0,"28":0,"29":0,"30":0,"31":0,"32":0,"33":0,"34":0,"35":0,"36":0,"37":0,"38":0,"39":0,"40":0,"41":0,"42":0,"43":0,"44":0,"45":0,"46":0},"b":{"0":[1,0],"1":[1,1]},"_coverageSchema":"332fd63041d2c1bcb487cc26dd0d5f7d97098a6c","hash":"86c4fad101cfc464a7d534ee9d22a798bf77035b","contentHash":"b4ea40c8910e9e8c8e8a0f6418b3fbf4_10.2.0"},"/Users/leonie/Documents/pearson-one-account/src/app/workbooks-builder/sagas/sagas.spec.js":{"path":"/Users/leonie/Documents/pearson-one-account/src/app/workbooks-builder/sagas/sagas.spec.js","statementMap":{"0":{"start":{"line":3,"column":12},"end":{"line":3,"column":84}},"1":{"start":{"line":5,"column":15},"end":{"line":5,"column":101}},"2":{"start":{"line":7,"column":15},"end":{"line":7,"column":111}},"3":{"start":{"line":9,"column":16},"end":{"line":9,"column":48}},"4":{"start":{"line":11,"column":28},"end":{"line":11,"column":137}},"5":{"start":{"line":13,"column":29},"end":{"line":13,"column":74}},"6":{"start":{"line":15,"column":12},"end":{"line":15,"column":84}},"7":{"start":{"line":17,"column":13},"end":{"line":17,"column":42}},"8":{"start":{"line":19,"column":11},"end":{"line":19,"column":91}},"9":{"start":{"line":21,"column":12},"end":{"line":21,"column":40}},"10":{"start":{"line":23,"column":39},"end":{"line":23,"column":93}},"11":{"start":{"line":30,"column":10},"end":{"line":30,"column":33}},"12":{"start":{"line":32,"column":0},"end":{"line":69,"column":3}},"13":{"start":{"line":33,"column":14},"end":{"line":33,"column":54}},"14":{"start":{"line":34,"column":2},"end":{"line":68,"column":5}},"15":{"start":{"line":35,"column":15},"end":{"line":39,"column":5}},"16":{"start":{"line":40,"column":32},"end":{"line":40,"column":77}},"17":{"start":{"line":41,"column":20},"end":{"line":41,"column":53}},"18":{"start":{"line":43,"column":4},"end":{"line":46,"column":7}},"19":{"start":{"line":44,"column":21},"end":{"line":44,"column":79}},"20":{"start":{"line":45,"column":6},"end":{"line":45,"column":65}},"21":{"start":{"line":48,"column":4},"end":{"line":56,"column":7}},"22":{"start":{"line":49,"column":6},"end":{"line":55,"column":9}},"23":{"start":{"line":50,"column":23},"end":{"line":52,"column":9}},"24":{"start":{"line":53,"column":23},"end":{"line":53,"column":85}},"25":{"start":{"line":54,"column":8},"end":{"line":54,"column":75}},"26":{"start":{"line":58,"column":4},"end":{"line":67,"column":7}},"27":{"start":{"line":59,"column":6},"end":{"line":66,"column":9}},"28":{"start":{"line":60,"column":23},"end":{"line":63,"column":9}},"29":{"start":{"line":64,"column":23},"end":{"line":64,"column":91}},"30":{"start":{"line":65,"column":8},"end":{"line":65,"column":76}}},"fnMap":{"0":{"name":"_interopRequireDefault","decl":{"start":{"line":23,"column":9},"end":{"line":23,"column":31}},"loc":{"start":{"line":23,"column":37},"end":{"line":23,"column":95}},"line":23},"1":{"name":"(anonymous_1)","decl":{"start":{"line":32,"column":36},"end":{"line":32,"column":37}},"loc":{"start":{"line":32,"column":48},"end":{"line":69,"column":1}},"line":32},"2":{"name":"(anonymous_2)","decl":{"start":{"line":34,"column":30},"end":{"line":34,"column":31}},"loc":{"start":{"line":34,"column":42},"end":{"line":68,"column":3}},"line":34},"3":{"name":"(anonymous_3)","decl":{"start":{"line":43,"column":78},"end":{"line":43,"column":79}},"loc":{"start":{"line":43,"column":90},"end":{"line":46,"column":5}},"line":43},"4":{"name":"(anonymous_4)","decl":{"start":{"line":48,"column":35},"end":{"line":48,"column":36}},"loc":{"start":{"line":48,"column":47},"end":{"line":56,"column":5}},"line":48},"5":{"name":"(anonymous_5)","decl":{"start":{"line":49,"column":84},"end":{"line":49,"column":85}},"loc":{"start":{"line":49,"column":96},"end":{"line":55,"column":7}},"line":49},"6":{"name":"(anonymous_6)","decl":{"start":{"line":58,"column":35},"end":{"line":58,"column":36}},"loc":{"start":{"line":58,"column":47},"end":{"line":67,"column":5}},"line":58},"7":{"name":"(anonymous_7)","decl":{"start":{"line":59,"column":84},"end":{"line":59,"column":85}},"loc":{"start":{"line":59,"column":96},"end":{"line":66,"column":7}},"line":59}},"branchMap":{"0":{"loc":{"start":{"line":23,"column":46},"end":{"line":23,"column":92}},"type":"cond-expr","locations":[{"start":{"line":23,"column":70},"end":{"line":23,"column":73}},{"start":{"line":23,"column":76},"end":{"line":23,"column":92}}],"line":23},"1":{"loc":{"start":{"line":23,"column":46},"end":{"line":23,"column":67}},"type":"binary-expr","locations":[{"start":{"line":23,"column":46},"end":{"line":23,"column":49}},{"start":{"line":23,"column":53},"end":{"line":23,"column":67}}],"line":23}},"s":{"0":1,"1":1,"2":1,"3":1,"4":1,"5":0,"6":0,"7":0,"8":0,"9":0,"10":1,"11":0,"12":0,"13":0,"14":0,"15":0,"16":0,"17":0,"18":0,"19":0,"20":0,"21":0,"22":0,"23":0,"24":0,"25":0,"26":0,"27":0,"28":0,"29":0,"30":0},"f":{"0":1,"1":0,"2":0,"3":0,"4":0,"5":0,"6":0,"7":0},"b":{"0":[1,0],"1":[1,1]},"_coverageSchema":"332fd63041d2c1bcb487cc26dd0d5f7d97098a6c","hash":"995d85fd529e89023a31f5d86b5234f90086b841","contentHash":"016efb4771e7dd30f7d3a2a36b0da429_10.2.0"},"/Users/leonie/Documents/pearson-one-account/src/app/workbooks-builder/sagas/workbooks-builder-saga.js":{"path":"/Users/leonie/Documents/pearson-one-account/src/app/workbooks-builder/sagas/workbooks-builder-saga.js","statementMap":{"0":{"start":{"line":3,"column":0},"end":{"line":5,"column":3}},"1":{"start":{"line":6,"column":0},"end":{"line":6,"column":31}},"2":{"start":{"line":8,"column":19},"end":{"line":8,"column":112}},"3":{"start":{"line":10,"column":20},"end":{"line":10,"column":56}},"4":{"start":{"line":12,"column":17},"end":{"line":12,"column":95}},"5":{"start":{"line":14,"column":15},"end":{"line":14,"column":101}},"6":{"start":{"line":16,"column":24},"end":{"line":16,"column":110}},"7":{"start":{"line":18,"column":13},"end":{"line":18,"column":86}},"8":{"start":{"line":20,"column":14},"end":{"line":20,"column":44}},"9":{"start":{"line":22,"column":13},"end":{"line":22,"column":86}},"10":{"start":{"line":24,"column":14},"end":{"line":24,"column":44}},"11":{"start":{"line":26,"column":15},"end":{"line":26,"column":90}},"12":{"start":{"line":28,"column":16},"end":{"line":28,"column":48}},"13":{"start":{"line":30,"column":12},"end":{"line":30,"column":38}},"14":{"start":{"line":32,"column":13},"end":{"line":32,"column":42}},"15":{"start":{"line":34,"column":15},"end":{"line":34,"column":44}},"16":{"start":{"line":36,"column":16},"end":{"line":36,"column":48}},"17":{"start":{"line":38,"column":12},"end":{"line":38,"column":79}},"18":{"start":{"line":40,"column":13},"end":{"line":40,"column":42}},"19":{"start":{"line":42,"column":15},"end":{"line":42,"column":51}},"20":{"start":{"line":44,"column":24},"end":{"line":44,"column":110}},"21":{"start":{"line":46,"column":39},"end":{"line":46,"column":93}},"22":{"start":{"line":48,"column":17},"end":{"line":50,"column":1}},"23":{"start":{"line":49,"column":2},"end":{"line":49,"column":34}},"24":{"start":{"line":52,"column":20},"end":{"line":52,"column":44}},"25":{"start":{"line":54,"column":0},"end":{"line":1149,"column":2}},"26":{"start":{"line":55,"column":16},"end":{"line":55,"column":799}},"27":{"start":{"line":59,"column":4},"end":{"line":103,"column":36}},"28":{"start":{"line":60,"column":6},"end":{"line":102,"column":7}},"29":{"start":{"line":61,"column":8},"end":{"line":101,"column":9}},"30":{"start":{"line":63,"column":12},"end":{"line":63,"column":30}},"31":{"start":{"line":64,"column":12},"end":{"line":64,"column":30}},"32":{"start":{"line":65,"column":12},"end":{"line":65,"column":91}},"33":{"start":{"line":68,"column":12},"end":{"line":68,"column":37}},"34":{"start":{"line":70,"column":12},"end":{"line":70,"column":34}},"35":{"start":{"line":72,"column":12},"end":{"line":75,"column":13}},"36":{"start":{"line":73,"column":14},"end":{"line":73,"column":33}},"37":{"start":{"line":74,"column":14},"end":{"line":74,"column":20}},"38":{"start":{"line":77,"column":12},"end":{"line":77,"column":30}},"39":{"start":{"line":78,"column":12},"end":{"line":78,"column":95}},"40":{"start":{"line":81,"column":12},"end":{"line":81,"column":31}},"41":{"start":{"line":82,"column":12},"end":{"line":82,"column":18}},"42":{"start":{"line":85,"column":12},"end":{"line":85,"column":31}},"43":{"start":{"line":86,"column":12},"end":{"line":86,"column":88}},"44":{"start":{"line":89,"column":12},"end":{"line":89,"column":31}},"45":{"start":{"line":90,"column":12},"end":{"line":90,"column":18}},"46":{"start":{"line":93,"column":12},"end":{"line":93,"column":31}},"47":{"start":{"line":94,"column":12},"end":{"line":94,"column":47}},"48":{"start":{"line":95,"column":12},"end":{"line":95,"column":31}},"49":{"start":{"line":96,"column":12},"end":{"line":96,"column":91}},"50":{"start":{"line":100,"column":12},"end":{"line":100,"column":35}},"51":{"start":{"line":107,"column":4},"end":{"line":115,"column":25}},"52":{"start":{"line":108,"column":6},"end":{"line":114,"column":7}},"53":{"start":{"line":109,"column":8},"end":{"line":113,"column":9}},"54":{"start":{"line":112,"column":12},"end":{"line":112,"column":36}},"55":{"start":{"line":119,"column":4},"end":{"line":130,"column":25}},"56":{"start":{"line":120,"column":6},"end":{"line":129,"column":7}},"57":{"start":{"line":121,"column":8},"end":{"line":128,"column":9}},"58":{"start":{"line":123,"column":12},"end":{"line":123,"column":45}},"59":{"start":{"line":127,"column":12},"end":{"line":127,"column":36}},"60":{"start":{"line":135,"column":4},"end":{"line":163,"column":35}},"61":{"start":{"line":136,"column":6},"end":{"line":162,"column":7}},"62":{"start":{"line":137,"column":8},"end":{"line":161,"column":9}},"63":{"start":{"line":139,"column":12},"end":{"line":139,"column":31}},"64":{"start":{"line":140,"column":12},"end":{"line":140,"column":31}},"65":{"start":{"line":141,"column":12},"end":{"line":141,"column":91}},"66":{"start":{"line":144,"column":12},"end":{"line":144,"column":38}},"67":{"start":{"line":146,"column":12},"end":{"line":146,"column":83}},"68":{"start":{"line":147,"column":12},"end":{"line":147,"column":31}},"69":{"start":{"line":148,"column":12},"end":{"line":148,"column":104}},"70":{"start":{"line":151,"column":12},"end":{"line":151,"column":32}},"71":{"start":{"line":152,"column":12},"end":{"line":152,"column":18}},"72":{"start":{"line":155,"column":12},"end":{"line":155,"column":31}},"73":{"start":{"line":156,"column":12},"end":{"line":156,"column":49}},"74":{"start":{"line":160,"column":12},"end":{"line":160,"column":36}},"75":{"start":{"line":171,"column":4},"end":{"line":198,"column":35}},"76":{"start":{"line":172,"column":6},"end":{"line":197,"column":7}},"77":{"start":{"line":173,"column":8},"end":{"line":196,"column":9}},"78":{"start":{"line":175,"column":12},"end":{"line":175,"column":93}},"79":{"start":{"line":176,"column":12},"end":{"line":176,"column":31}},"80":{"start":{"line":177,"column":12},"end":{"line":177,"column":31}},"81":{"start":{"line":178,"column":12},"end":{"line":178,"column":85}},"82":{"start":{"line":181,"column":12},"end":{"line":181,"column":38}},"83":{"start":{"line":182,"column":12},"end":{"line":182,"column":31}},"84":{"start":{"line":183,"column":12},"end":{"line":183,"column":93}},"85":{"start":{"line":186,"column":12},"end":{"line":186,"column":32}},"86":{"start":{"line":187,"column":12},"end":{"line":187,"column":18}},"87":{"start":{"line":190,"column":12},"end":{"line":190,"column":31}},"88":{"start":{"line":191,"column":12},"end":{"line":191,"column":49}},"89":{"start":{"line":195,"column":12},"end":{"line":195,"column":36}},"90":{"start":{"line":203,"column":4},"end":{"line":222,"column":25}},"91":{"start":{"line":204,"column":6},"end":{"line":221,"column":7}},"92":{"start":{"line":205,"column":8},"end":{"line":220,"column":9}},"93":{"start":{"line":207,"column":12},"end":{"line":213,"column":14}},"94":{"start":{"line":214,"column":12},"end":{"line":214,"column":31}},"95":{"start":{"line":215,"column":12},"end":{"line":215,"column":89}},"96":{"start":{"line":219,"column":12},"end":{"line":219,"column":36}},"97":{"start":{"line":227,"column":4},"end":{"line":246,"column":25}},"98":{"start":{"line":228,"column":6},"end":{"line":245,"column":7}},"99":{"start":{"line":229,"column":8},"end":{"line":244,"column":9}},"100":{"start":{"line":231,"column":12},"end":{"line":237,"column":14}},"101":{"start":{"line":238,"column":12},"end":{"line":238,"column":31}},"102":{"start":{"line":239,"column":12},"end":{"line":239,"column":89}},"103":{"start":{"line":243,"column":12},"end":{"line":243,"column":36}},"104":{"start":{"line":254,"column":4},"end":{"line":296,"column":36}},"105":{"start":{"line":255,"column":6},"end":{"line":295,"column":7}},"106":{"start":{"line":256,"column":8},"end":{"line":294,"column":9}},"107":{"start":{"line":258,"column":12},"end":{"line":258,"column":31}},"108":{"start":{"line":259,"column":12},"end":{"line":259,"column":31}},"109":{"start":{"line":260,"column":12},"end":{"line":260,"column":60}},"110":{"start":{"line":263,"column":12},"end":{"line":263,"column":38}},"111":{"start":{"line":265,"column":12},"end":{"line":268,"column":13}},"112":{"start":{"line":266,"column":14},"end":{"line":266,"column":33}},"113":{"start":{"line":267,"column":14},"end":{"line":267,"column":20}},"114":{"start":{"line":270,"column":12},"end":{"line":270,"column":31}},"115":{"start":{"line":271,"column":12},"end":{"line":271,"column":115}},"116":{"start":{"line":274,"column":12},"end":{"line":274,"column":32}},"117":{"start":{"line":275,"column":12},"end":{"line":275,"column":18}},"118":{"start":{"line":278,"column":12},"end":{"line":278,"column":32}},"119":{"start":{"line":279,"column":12},"end":{"line":279,"column":103}},"120":{"start":{"line":282,"column":12},"end":{"line":282,"column":32}},"121":{"start":{"line":283,"column":12},"end":{"line":283,"column":18}},"122":{"start":{"line":286,"column":12},"end":{"line":286,"column":32}},"123":{"start":{"line":287,"column":12},"end":{"line":287,"column":49}},"124":{"start":{"line":288,"column":12},"end":{"line":288,"column":32}},"125":{"start":{"line":289,"column":12},"end":{"line":289,"column":94}},"126":{"start":{"line":293,"column":12},"end":{"line":293,"column":36}},"127":{"start":{"line":300,"column":4},"end":{"line":311,"column":25}},"128":{"start":{"line":301,"column":6},"end":{"line":310,"column":7}},"129":{"start":{"line":302,"column":8},"end":{"line":309,"column":9}},"130":{"start":{"line":304,"column":12},"end":{"line":304,"column":62}},"131":{"start":{"line":308,"column":12},"end":{"line":308,"column":36}},"132":{"start":{"line":316,"column":4},"end":{"line":335,"column":25}},"133":{"start":{"line":317,"column":6},"end":{"line":334,"column":7}},"134":{"start":{"line":318,"column":8},"end":{"line":333,"column":9}},"135":{"start":{"line":320,"column":12},"end":{"line":326,"column":14}},"136":{"start":{"line":327,"column":12},"end":{"line":327,"column":32}},"137":{"start":{"line":328,"column":12},"end":{"line":328,"column":89}},"138":{"start":{"line":332,"column":12},"end":{"line":332,"column":37}},"139":{"start":{"line":343,"column":4},"end":{"line":386,"column":37}},"140":{"start":{"line":344,"column":6},"end":{"line":385,"column":7}},"141":{"start":{"line":345,"column":8},"end":{"line":384,"column":9}},"142":{"start":{"line":347,"column":12},"end":{"line":347,"column":48}},"143":{"start":{"line":348,"column":12},"end":{"line":348,"column":32}},"144":{"start":{"line":349,"column":12},"end":{"line":349,"column":32}},"145":{"start":{"line":350,"column":12},"end":{"line":350,"column":54}},"146":{"start":{"line":353,"column":12},"end":{"line":353,"column":39}},"147":{"start":{"line":355,"column":12},"end":{"line":358,"column":13}},"148":{"start":{"line":356,"column":14},"end":{"line":356,"column":35}},"149":{"start":{"line":357,"column":14},"end":{"line":357,"column":20}},"150":{"start":{"line":360,"column":12},"end":{"line":360,"column":32}},"151":{"start":{"line":361,"column":12},"end":{"line":361,"column":102}},"152":{"start":{"line":364,"column":12},"end":{"line":364,"column":33}},"153":{"start":{"line":365,"column":12},"end":{"line":365,"column":18}},"154":{"start":{"line":368,"column":12},"end":{"line":368,"column":33}},"155":{"start":{"line":369,"column":12},"end":{"line":369,"column":97}},"156":{"start":{"line":372,"column":12},"end":{"line":372,"column":33}},"157":{"start":{"line":373,"column":12},"end":{"line":373,"column":18}},"158":{"start":{"line":376,"column":12},"end":{"line":376,"column":33}},"159":{"start":{"line":377,"column":12},"end":{"line":377,"column":51}},"160":{"start":{"line":378,"column":12},"end":{"line":378,"column":33}},"161":{"start":{"line":379,"column":12},"end":{"line":379,"column":147}},"162":{"start":{"line":383,"column":12},"end":{"line":383,"column":37}},"163":{"start":{"line":391,"column":4},"end":{"line":410,"column":26}},"164":{"start":{"line":392,"column":6},"end":{"line":409,"column":7}},"165":{"start":{"line":393,"column":8},"end":{"line":408,"column":9}},"166":{"start":{"line":395,"column":12},"end":{"line":401,"column":14}},"167":{"start":{"line":402,"column":12},"end":{"line":402,"column":32}},"168":{"start":{"line":403,"column":12},"end":{"line":403,"column":89}},"169":{"start":{"line":407,"column":12},"end":{"line":407,"column":37}},"170":{"start":{"line":419,"column":4},"end":{"line":490,"column":38}},"171":{"start":{"line":420,"column":6},"end":{"line":489,"column":7}},"172":{"start":{"line":421,"column":8},"end":{"line":488,"column":9}},"173":{"start":{"line":423,"column":12},"end":{"line":423,"column":32}},"174":{"start":{"line":424,"column":12},"end":{"line":424,"column":52}},"175":{"start":{"line":427,"column":12},"end":{"line":427,"column":38}},"176":{"start":{"line":429,"column":12},"end":{"line":432,"column":13}},"177":{"start":{"line":430,"column":14},"end":{"line":430,"column":35}},"178":{"start":{"line":431,"column":14},"end":{"line":431,"column":20}},"179":{"start":{"line":434,"column":12},"end":{"line":434,"column":32}},"180":{"start":{"line":435,"column":12},"end":{"line":437,"column":15}},"181":{"start":{"line":436,"column":14},"end":{"line":436,"column":46}},"182":{"start":{"line":440,"column":12},"end":{"line":440,"column":32}},"183":{"start":{"line":441,"column":12},"end":{"line":441,"column":76}},"184":{"start":{"line":444,"column":12},"end":{"line":444,"column":33}},"185":{"start":{"line":445,"column":12},"end":{"line":445,"column":18}},"186":{"start":{"line":449,"column":12},"end":{"line":451,"column":37}},"187":{"start":{"line":450,"column":14},"end":{"line":450,"column":89}},"188":{"start":{"line":452,"column":12},"end":{"line":452,"column":33}},"189":{"start":{"line":453,"column":12},"end":{"line":453,"column":33}},"190":{"start":{"line":454,"column":12},"end":{"line":454,"column":57}},"191":{"start":{"line":457,"column":12},"end":{"line":457,"column":39}},"192":{"start":{"line":459,"column":12},"end":{"line":462,"column":13}},"193":{"start":{"line":460,"column":14},"end":{"line":460,"column":35}},"194":{"start":{"line":461,"column":14},"end":{"line":461,"column":20}},"195":{"start":{"line":464,"column":12},"end":{"line":464,"column":33}},"196":{"start":{"line":465,"column":12},"end":{"line":465,"column":93}},"197":{"start":{"line":468,"column":12},"end":{"line":468,"column":33}},"198":{"start":{"line":469,"column":12},"end":{"line":469,"column":18}},"199":{"start":{"line":472,"column":12},"end":{"line":472,"column":33}},"200":{"start":{"line":473,"column":12},"end":{"line":473,"column":96}},"201":{"start":{"line":476,"column":12},"end":{"line":476,"column":33}},"202":{"start":{"line":477,"column":12},"end":{"line":477,"column":18}},"203":{"start":{"line":480,"column":12},"end":{"line":480,"column":33}},"204":{"start":{"line":481,"column":12},"end":{"line":481,"column":52}},"205":{"start":{"line":482,"column":12},"end":{"line":482,"column":33}},"206":{"start":{"line":483,"column":12},"end":{"line":483,"column":145}},"207":{"start":{"line":487,"column":12},"end":{"line":487,"column":37}},"208":{"start":{"line":495,"column":4},"end":{"line":514,"column":26}},"209":{"start":{"line":496,"column":6},"end":{"line":513,"column":7}},"210":{"start":{"line":497,"column":8},"end":{"line":512,"column":9}},"211":{"start":{"line":499,"column":12},"end":{"line":505,"column":14}},"212":{"start":{"line":506,"column":12},"end":{"line":506,"column":32}},"213":{"start":{"line":507,"column":12},"end":{"line":507,"column":89}},"214":{"start":{"line":511,"column":12},"end":{"line":511,"column":37}},"215":{"start":{"line":521,"column":4},"end":{"line":563,"column":37}},"216":{"start":{"line":522,"column":6},"end":{"line":562,"column":7}},"217":{"start":{"line":523,"column":8},"end":{"line":561,"column":9}},"218":{"start":{"line":525,"column":12},"end":{"line":525,"column":32}},"219":{"start":{"line":526,"column":12},"end":{"line":526,"column":32}},"220":{"start":{"line":527,"column":12},"end":{"line":527,"column":110}},"221":{"start":{"line":530,"column":12},"end":{"line":530,"column":39}},"222":{"start":{"line":532,"column":12},"end":{"line":535,"column":13}},"223":{"start":{"line":533,"column":14},"end":{"line":533,"column":34}},"224":{"start":{"line":534,"column":14},"end":{"line":534,"column":20}},"225":{"start":{"line":537,"column":12},"end":{"line":537,"column":32}},"226":{"start":{"line":538,"column":12},"end":{"line":538,"column":91}},"227":{"start":{"line":541,"column":12},"end":{"line":541,"column":33}},"228":{"start":{"line":542,"column":12},"end":{"line":542,"column":18}},"229":{"start":{"line":545,"column":12},"end":{"line":545,"column":33}},"230":{"start":{"line":546,"column":12},"end":{"line":546,"column":91}},"231":{"start":{"line":549,"column":12},"end":{"line":549,"column":33}},"232":{"start":{"line":550,"column":12},"end":{"line":550,"column":18}},"233":{"start":{"line":553,"column":12},"end":{"line":553,"column":33}},"234":{"start":{"line":554,"column":12},"end":{"line":554,"column":51}},"235":{"start":{"line":555,"column":12},"end":{"line":555,"column":33}},"236":{"start":{"line":556,"column":12},"end":{"line":556,"column":96}},"237":{"start":{"line":560,"column":12},"end":{"line":560,"column":37}},"238":{"start":{"line":567,"column":4},"end":{"line":575,"column":26}},"239":{"start":{"line":568,"column":6},"end":{"line":574,"column":7}},"240":{"start":{"line":569,"column":8},"end":{"line":573,"column":9}},"241":{"start":{"line":572,"column":12},"end":{"line":572,"column":37}},"242":{"start":{"line":579,"column":4},"end":{"line":590,"column":26}},"243":{"start":{"line":580,"column":6},"end":{"line":589,"column":7}},"244":{"start":{"line":581,"column":8},"end":{"line":588,"column":9}},"245":{"start":{"line":583,"column":12},"end":{"line":583,"column":45}},"246":{"start":{"line":587,"column":12},"end":{"line":587,"column":37}},"247":{"start":{"line":595,"column":4},"end":{"line":637,"column":37}},"248":{"start":{"line":596,"column":6},"end":{"line":636,"column":7}},"249":{"start":{"line":597,"column":8},"end":{"line":635,"column":9}},"250":{"start":{"line":599,"column":12},"end":{"line":599,"column":32}},"251":{"start":{"line":600,"column":12},"end":{"line":600,"column":32}},"252":{"start":{"line":601,"column":12},"end":{"line":601,"column":80}},"253":{"start":{"line":604,"column":12},"end":{"line":604,"column":39}},"254":{"start":{"line":606,"column":12},"end":{"line":609,"column":13}},"255":{"start":{"line":607,"column":14},"end":{"line":607,"column":34}},"256":{"start":{"line":608,"column":14},"end":{"line":608,"column":20}},"257":{"start":{"line":611,"column":12},"end":{"line":611,"column":32}},"258":{"start":{"line":612,"column":12},"end":{"line":612,"column":93}},"259":{"start":{"line":615,"column":12},"end":{"line":615,"column":33}},"260":{"start":{"line":616,"column":12},"end":{"line":616,"column":18}},"261":{"start":{"line":619,"column":12},"end":{"line":619,"column":33}},"262":{"start":{"line":620,"column":12},"end":{"line":620,"column":93}},"263":{"start":{"line":623,"column":12},"end":{"line":623,"column":33}},"264":{"start":{"line":624,"column":12},"end":{"line":624,"column":18}},"265":{"start":{"line":627,"column":12},"end":{"line":627,"column":33}},"266":{"start":{"line":628,"column":12},"end":{"line":628,"column":51}},"267":{"start":{"line":629,"column":12},"end":{"line":629,"column":33}},"268":{"start":{"line":630,"column":12},"end":{"line":630,"column":98}},"269":{"start":{"line":634,"column":12},"end":{"line":634,"column":37}},"270":{"start":{"line":641,"column":4},"end":{"line":649,"column":26}},"271":{"start":{"line":642,"column":6},"end":{"line":648,"column":7}},"272":{"start":{"line":643,"column":8},"end":{"line":647,"column":9}},"273":{"start":{"line":646,"column":12},"end":{"line":646,"column":37}},"274":{"start":{"line":653,"column":4},"end":{"line":664,"column":26}},"275":{"start":{"line":654,"column":6},"end":{"line":663,"column":7}},"276":{"start":{"line":655,"column":8},"end":{"line":662,"column":9}},"277":{"start":{"line":657,"column":12},"end":{"line":657,"column":45}},"278":{"start":{"line":661,"column":12},"end":{"line":661,"column":37}},"279":{"start":{"line":669,"column":4},"end":{"line":711,"column":37}},"280":{"start":{"line":670,"column":6},"end":{"line":710,"column":7}},"281":{"start":{"line":671,"column":8},"end":{"line":709,"column":9}},"282":{"start":{"line":673,"column":12},"end":{"line":673,"column":32}},"283":{"start":{"line":674,"column":12},"end":{"line":674,"column":32}},"284":{"start":{"line":675,"column":12},"end":{"line":675,"column":75}},"285":{"start":{"line":678,"column":12},"end":{"line":678,"column":39}},"286":{"start":{"line":680,"column":12},"end":{"line":683,"column":13}},"287":{"start":{"line":681,"column":14},"end":{"line":681,"column":34}},"288":{"start":{"line":682,"column":14},"end":{"line":682,"column":20}},"289":{"start":{"line":685,"column":12},"end":{"line":685,"column":32}},"290":{"start":{"line":686,"column":12},"end":{"line":686,"column":90}},"291":{"start":{"line":689,"column":12},"end":{"line":689,"column":33}},"292":{"start":{"line":690,"column":12},"end":{"line":690,"column":18}},"293":{"start":{"line":693,"column":12},"end":{"line":693,"column":33}},"294":{"start":{"line":694,"column":12},"end":{"line":694,"column":90}},"295":{"start":{"line":697,"column":12},"end":{"line":697,"column":33}},"296":{"start":{"line":698,"column":12},"end":{"line":698,"column":18}},"297":{"start":{"line":701,"column":12},"end":{"line":701,"column":33}},"298":{"start":{"line":702,"column":12},"end":{"line":702,"column":51}},"299":{"start":{"line":703,"column":12},"end":{"line":703,"column":33}},"300":{"start":{"line":704,"column":12},"end":{"line":704,"column":95}},"301":{"start":{"line":708,"column":12},"end":{"line":708,"column":37}},"302":{"start":{"line":715,"column":4},"end":{"line":723,"column":26}},"303":{"start":{"line":716,"column":6},"end":{"line":722,"column":7}},"304":{"start":{"line":717,"column":8},"end":{"line":721,"column":9}},"305":{"start":{"line":720,"column":12},"end":{"line":720,"column":37}},"306":{"start":{"line":727,"column":4},"end":{"line":738,"column":26}},"307":{"start":{"line":728,"column":6},"end":{"line":737,"column":7}},"308":{"start":{"line":729,"column":8},"end":{"line":736,"column":9}},"309":{"start":{"line":731,"column":12},"end":{"line":731,"column":45}},"310":{"start":{"line":735,"column":12},"end":{"line":735,"column":37}},"311":{"start":{"line":746,"column":4},"end":{"line":788,"column":37}},"312":{"start":{"line":747,"column":6},"end":{"line":787,"column":7}},"313":{"start":{"line":748,"column":8},"end":{"line":786,"column":9}},"314":{"start":{"line":750,"column":12},"end":{"line":750,"column":32}},"315":{"start":{"line":751,"column":12},"end":{"line":751,"column":32}},"316":{"start":{"line":752,"column":12},"end":{"line":752,"column":74}},"317":{"start":{"line":755,"column":12},"end":{"line":755,"column":39}},"318":{"start":{"line":757,"column":12},"end":{"line":760,"column":13}},"319":{"start":{"line":758,"column":14},"end":{"line":758,"column":34}},"320":{"start":{"line":759,"column":14},"end":{"line":759,"column":20}},"321":{"start":{"line":762,"column":12},"end":{"line":762,"column":32}},"322":{"start":{"line":763,"column":12},"end":{"line":763,"column":104}},"323":{"start":{"line":766,"column":12},"end":{"line":766,"column":33}},"324":{"start":{"line":767,"column":12},"end":{"line":767,"column":18}},"325":{"start":{"line":770,"column":12},"end":{"line":770,"column":33}},"326":{"start":{"line":771,"column":12},"end":{"line":771,"column":93}},"327":{"start":{"line":774,"column":12},"end":{"line":774,"column":33}},"328":{"start":{"line":775,"column":12},"end":{"line":775,"column":18}},"329":{"start":{"line":778,"column":12},"end":{"line":778,"column":33}},"330":{"start":{"line":779,"column":12},"end":{"line":779,"column":51}},"331":{"start":{"line":780,"column":12},"end":{"line":780,"column":33}},"332":{"start":{"line":781,"column":12},"end":{"line":781,"column":90}},"333":{"start":{"line":785,"column":12},"end":{"line":785,"column":37}},"334":{"start":{"line":792,"column":4},"end":{"line":800,"column":26}},"335":{"start":{"line":793,"column":6},"end":{"line":799,"column":7}},"336":{"start":{"line":794,"column":8},"end":{"line":798,"column":9}},"337":{"start":{"line":797,"column":12},"end":{"line":797,"column":37}},"338":{"start":{"line":804,"column":4},"end":{"line":815,"column":26}},"339":{"start":{"line":805,"column":6},"end":{"line":814,"column":7}},"340":{"start":{"line":806,"column":8},"end":{"line":813,"column":9}},"341":{"start":{"line":808,"column":12},"end":{"line":808,"column":45}},"342":{"start":{"line":812,"column":12},"end":{"line":812,"column":37}},"343":{"start":{"line":823,"column":4},"end":{"line":866,"column":37}},"344":{"start":{"line":824,"column":6},"end":{"line":865,"column":7}},"345":{"start":{"line":825,"column":8},"end":{"line":864,"column":9}},"346":{"start":{"line":827,"column":12},"end":{"line":827,"column":51}},"347":{"start":{"line":828,"column":12},"end":{"line":828,"column":32}},"348
[...]
},"30":{"start":{"line":57,"column":18},"end":{"line":57,"column":35}},"31":{"start":{"line":60,"column":6},"end":{"line":64,"column":8}},"32":{"start":{"line":67,"column":2},"end":{"line":67,"column":19}},"33":{"start":{"line":70,"column":0},"end":{"line":70,"column":28}}},"fnMap":{"0":{"name":"_interopRequireDefault","decl":{"start":{"line":35,"column":9},"end":{"line":35,"column":31}},"loc":{"start":{"line":35,"column":37},"end":{"line":35,"column":95}},"line":35},"1":{"name":"(anonymous_1)","decl":{"start":{"line":37,"column":16},"end":{"line":37,"column":17}},"loc":{"start":{"line":37,"column":38},"end":{"line":68,"column":1}},"line":37},"2":{"name":"FormRadio","decl":{"start":{"line":40,"column":11},"end":{"line":40,"column":20}},"loc":{"start":{"line":40,"column":28},"end":{"line":43,"column":3}},"line":40},"3":{"name":"render","decl":{"start":{"line":47,"column":20},"end":{"line":47,"column":26}},"loc":{"start":{"line":47,"column":29},"end":{"line":65,"column":5}},"line":47}},"branchMap":{"0":{"loc":{"start":{"line":35,"column":46},"end":{"line":35,"column":92}},"type":"cond-expr","locations":[{"start":{"line":35,"column":70},"end":{"line":35,"column":73}},{"start":{"line":35,"column":76},"end":{"line":35,"column":92}}],"line":35},"1":{"loc":{"start":{"line":35,"column":46},"end":{"line":35,"column":67}},"type":"binary-expr","locations":[{"start":{"line":35,"column":46},"end":{"line":35,"column":49}},{"start":{"line":35,"column":53},"end":{"line":35,"column":67}}],"line":35},"2":{"loc":{"start":{"line":42,"column":59},"end":{"line":42,"column":122}},"type":"binary-expr","locations":[{"start":{"line":42,"column":59},"end":{"line":42,"column":78}},{"start":{"line":42,"column":82},"end":{"line":42,"column":122}}],"line":42},"3":{"loc":{"start":{"line":50,"column":17},"end":{"line":50,"column":66}},"type":"cond-expr","locations":[{"start":{"line":50,"column":45},"end":{"line":50,"column":52}},{"start":{"line":50,"column":55},"end":{"line":50,"column":66}}],"line":50}},"s":{"0":1,"1":1,"2":1,"3":1,"4":1,"5":1,"6":1,"7":1,"8":1,"9":1,"10":1,"11":1,"12":1,"13":1,"14":1,"15":7,"16":1,"17":1,"18":0,"19":0,"20":1,"21":0,"22":0,"23":0,"24":0,"25":0,"26":0,"27":0,"28":0,"29":0,"30":0,"31":0,"32":1,"33":1},"f":{"0":7,"1":1,"2":0,"3":0},"b":{"0":[5,2],"1":[7,7],"2":[0,0],"3":[0,0]},"_coverageSchema":"332fd63041d2c1bcb487cc26dd0d5f7d97098a6c","hash":"2cc4ed114baa8ea8ae1512bd544548a9d0e17449","contentHash":"87bce1c171c8c49433823a2211005120_10.2.0"},"/Users/leonie/Documents/pearson-one-account/src/app/common/components/form/form-dropzone.js":{"path":"/Users/leonie/Documents/pearson-one-account/src/app/common/components/form/form-dropzone.js","statementMap":{"0":{"start":{"line":3,"column":0},"end":{"line":5,"column":3}},"1":{"start":{"line":7,"column":16},"end":{"line":7,"column":113}},"2":{"start":{"line":9,"column":16},"end":{"line":9,"column":49}},"3":{"start":{"line":11,"column":22},"end":{"line":11,"column":135}},"4":{"start":{"line":13,"column":23},"end":{"line":13,"column":62}},"5":{"start":{"line":15,"column":23},"end":{"line":15,"column":127}},"6":{"start":{"line":17,"column":23},"end":{"line":17,"column":63}},"7":{"start":{"line":19,"column":20},"end":{"line":19,"column":121}},"8":{"start":{"line":21,"column":20},"end":{"line":21,"column":57}},"9":{"start":{"line":23,"column":34},"end":{"line":23,"column":149}},"10":{"start":{"line":25,"column":34},"end":{"line":25,"column":85}},"11":{"start":{"line":27,"column":17},"end":{"line":27,"column":115}},"12":{"start":{"line":29,"column":17},"end":{"line":29,"column":51}},"13":{"start":{"line":31,"column":13},"end":{"line":31,"column":86}},"14":{"start":{"line":33,"column":14},"end":{"line":33,"column":44}},"15":{"start":{"line":35,"column":18},"end":{"line":35,"column":96}},"16":{"start":{"line":37,"column":19},"end":{"line":37,"column":54}},"17":{"start":{"line":39,"column":21},"end":{"line":39,"column":103}},"18":{"start":{"line":41,"column":22},"end":{"line":41,"column":60}},"19":{"start":{"line":43,"column":23},"end":{"line":43,"column":53}},"20":{"start":{"line":45,"column":24},"end":{"line":45,"column":64}},"21":{"start":{"line":47,"column":39},"end":{"line":47,"column":93}},"22":{"start":{"line":49,"column":19},"end":{"line":259,"column":19}},"23":{"start":{"line":50,"column":2},"end":{"line":50,"column":52}},"24":{"start":{"line":53,"column":4},"end":{"line":53,"column":54}},"25":{"start":{"line":55,"column":16},"end":{"line":55,"column":153}},"26":{"start":{"line":57,"column":4},"end":{"line":57,"column":64}},"27":{"start":{"line":58,"column":4},"end":{"line":58,"column":62}},"28":{"start":{"line":59,"column":4},"end":{"line":59,"column":17}},"29":{"start":{"line":62,"column":2},"end":{"line":257,"column":6}},"30":{"start":{"line":65,"column":24},"end":{"line":65,"column":39}},"31":{"start":{"line":66,"column":18},"end":{"line":66,"column":35}},"32":{"start":{"line":67,"column":18},"end":{"line":67,"column":35}},"33":{"start":{"line":70,"column":6},"end":{"line":72,"column":9}},"34":{"start":{"line":77,"column":25},"end":{"line":77,"column":40}},"35":{"start":{"line":78,"column":18},"end":{"line":78,"column":36}},"36":{"start":{"line":79,"column":18},"end":{"line":79,"column":36}},"37":{"start":{"line":81,"column":6},"end":{"line":83,"column":9}},"38":{"start":{"line":88,"column":19},"end":{"line":88,"column":23}},"39":{"start":{"line":89,"column":6},"end":{"line":98,"column":7}},"40":{"start":{"line":90,"column":8},"end":{"line":95,"column":11}},"41":{"start":{"line":97,"column":8},"end":{"line":97,"column":96}},"42":{"start":{"line":100,"column":6},"end":{"line":100,"column":20}},"43":{"start":{"line":105,"column":19},"end":{"line":105,"column":23}},"44":{"start":{"line":106,"column":6},"end":{"line":114,"column":7}},"45":{"start":{"line":107,"column":8},"end":{"line":111,"column":11}},"46":{"start":{"line":113,"column":8},"end":{"line":113,"column":78}},"47":{"start":{"line":116,"column":6},"end":{"line":116,"column":20}},"48":{"start":{"line":121,"column":19},"end":{"line":121,"column":23}},"49":{"start":{"line":122,"column":6},"end":{"line":138,"column":7}},"50":{"start":{"line":124,"column":10},"end":{"line":128,"column":13}},"51":{"start":{"line":129,"column":10},"end":{"line":129,"column":16}},"52":{"start":{"line":131,"column":10},"end":{"line":136,"column":13}},"53":{"start":{"line":137,"column":10},"end":{"line":137,"column":16}},"54":{"start":{"line":140,"column":6},"end":{"line":147,"column":7}},"55":{"start":{"line":141,"column":8},"end":{"line":143,"column":9}},"56":{"start":{"line":142,"column":10},"end":{"line":142,"column":97}},"57":{"start":{"line":144,"column":8},"end":{"line":146,"column":9}},"58":{"start":{"line":145,"column":10},"end":{"line":145,"column":79}},"59":{"start":{"line":148,"column":6},"end":{"line":148,"column":20}},"60":{"start":{"line":153,"column":19},"end":{"line":153,"column":23}},"61":{"start":{"line":154,"column":6},"end":{"line":164,"column":7}},"62":{"start":{"line":156,"column":10},"end":{"line":156,"column":58}},"63":{"start":{"line":157,"column":10},"end":{"line":157,"column":16}},"64":{"start":{"line":159,"column":10},"end":{"line":159,"column":58}},"65":{"start":{"line":160,"column":10},"end":{"line":160,"column":16}},"66":{"start":{"line":162,"column":10},"end":{"line":162,"column":78}},"67":{"start":{"line":163,"column":10},"end":{"line":163,"column":16}},"68":{"start":{"line":166,"column":6},"end":{"line":166,"column":20}},"69":{"start":{"line":171,"column":19},"end":{"line":171,"column":23}},"70":{"start":{"line":172,"column":6},"end":{"line":182,"column":7}},"71":{"start":{"line":174,"column":10},"end":{"line":174,"column":72}},"72":{"start":{"line":175,"column":10},"end":{"line":175,"column":16}},"73":{"start":{"line":177,"column":10},"end":{"line":177,"column":72}},"74":{"start":{"line":178,"column":10},"end":{"line":178,"column":16}},"75":{"start":{"line":180,"column":10},"end":{"line":180,"column":82}},"76":{"start":{"line":181,"column":10},"end":{"line":181,"column":16}},"77":{"start":{"line":183,"column":6},"end":{"line":183,"column":20}},"78":{"start":{"line":188,"column":19},"end":{"line":188,"column":29}},"79":{"start":{"line":189,"column":18},"end":{"line":189,"column":30}},"80":{"start":{"line":190,"column":17},"end":{"line":190,"column":28}},"81":{"start":{"line":191,"column":24},"end":{"line":191,"column":42}},"82":{"start":{"line":192,"column":21},"end":{"line":192,"column":36}},"83":{"start":{"line":193,"column":29},"end":{"line":193,"column":45}},"84":{"start":{"line":194,"column":22},"end":{"line":194,"column":76}},"85":{"start":{"line":195,"column":34},"end":{"line":195,"column":58}},"86":{"start":{"line":196,"column":30},"end":{"line":196,"column":102}},"87":{"start":{"line":197,"column":21},"end":{"line":197,"column":36}},"88":{"start":{"line":198,"column":20},"end":{"line":198,"column":34}},"89":{"start":{"line":199,"column":19},"end":{"line":199,"column":32}},"90":{"start":{"line":200,"column":20},"end":{"line":200,"column":34}},"91":{"start":{"line":201,"column":21},"end":{"line":201,"column":36}},"92":{"start":{"line":202,"column":26},"end":{"line":202,"column":46}},"93":{"start":{"line":203,"column":22},"end":{"line":203,"column":38}},"94":{"start":{"line":204,"column":32},"end":{"line":204,"column":58}},"95":{"start":{"line":205,"column":25},"end":{"line":205,"column":36}},"96":{"start":{"line":206,"column":18},"end":{"line":206,"column":36}},"97":{"start":{"line":207,"column":18},"end":{"line":207,"column":36}},"98":{"start":{"line":210,"column":18},"end":{"line":214,"column":7}},"99":{"start":{"line":216,"column":19},"end":{"line":216,"column":21}},"100":{"start":{"line":218,"column":6},"end":{"line":220,"column":7}},"101":{"start":{"line":219,"column":8},"end":{"line":219,"column":35}},"102":{"start":{"line":222,"column":6},"end":{"line":224,"column":7}},"103":{"start":{"line":223,"column":8},"end":{"line":223,"column":33}},"104":{"start":{"line":225,"column":6},"end":{"line":255,"column":8}},"105":{"start":{"line":258,"column":2},"end":{"line":258,"column":22}},"106":{"start":{"line":261,"column":0},"end":{"line":264,"column":2}},"107":{"start":{"line":266,"column":0},"end":{"line":273,"column":2}},"108":{"start":{"line":275,"column":0},"end":{"line":275,"column":31}}},"fnMap":{"0":{"name":"_interopRequireDefault","decl":{"start":{"line":47,"column":9},"end":{"line":47,"column":31}},"loc":{"start":{"line":47,"column":37},"end":{"line":47,"column":95}},"line":47},"1":{"name":"(anonymous_1)","decl":{"start":{"line":49,"column":19},"end":{"line":49,"column":20}},"loc":{"start":{"line":49,"column":41},"end":{"line":259,"column":1}},"line":49},"2":{"name":"FormDropzone","decl":{"start":{"line":52,"column":11},"end":{"line":52,"column":23}},"loc":{"start":{"line":52,"column":31},"end":{"line":60,"column":3}},"line":52},"3":{"name":"classForControl","decl":{"start":{"line":64,"column":20},"end":{"line":64,"column":35}},"loc":{"start":{"line":64,"column":47},"end":{"line":73,"column":5}},"line":64},"4":{"name":"classForDropzone","decl":{"start":{"line":76,"column":20},"end":{"line":76,"column":36}},"loc":{"start":{"line":76,"column":48},"end":{"line":84,"column":5}},"line":76},"5":{"name":"createVideoPreview","decl":{"start":{"line":87,"column":20},"end":{"line":87,"column":38}},"loc":{"start":{"line":87,"column":46},"end":{"line":101,"column":5}},"line":87},"6":{"name":"createPhotoPreview","decl":{"start":{"line":104,"column":20},"end":{"line":104,"column":38}},"loc":{"start":{"line":104,"column":46},"end":{"line":117,"column":5}},"line":104},"7":{"name":"createBothPreview","decl":{"start":{"line":120,"column":20},"end":{"line":120,"column":37}},"loc":{"start":{"line":120,"column":65},"end":{"line":149,"column":5}},"line":120},"8":{"name":"createMediaPreview","decl":{"start":{"line":152,"column":20},"end":{"line":152,"column":38}},"loc":{"start":{"line":152,"column":86},"end":{"line":167,"column":5}},"line":152},"9":{"name":"renderButtonText","decl":{"start":{"line":170,"column":20},"end":{"line":170,"column":36}},"loc":{"start":{"line":170,"column":58},"end":{"line":184,"column":5}},"line":170},"10":{"name":"render","decl":{"start":{"line":187,"column":20},"end":{"line":187,"column":26}},"loc":{"start":{"line":187,"column":29},"end":{"line":256,"column":5}},"line":187}},"branchMap":{"0":{"loc":{"start":{"line":47,"column":46},"end":{"line":47,"column":92}},"type":"cond-expr","locations":[{"start":{"line":47,"column":70},"end":{"line":47,"column":73}},{"start":{"line":47,"column":76},"end":{"line":47,"column":92}}],"line":47},"1":{"loc":{"start":{"line":47,"column":46},"end":{"line":47,"column":67}},"type":"binary-expr","locations":[{"start":{"line":47,"column":46},"end":{"line":47,"column":49}},{"start":{"line":47,"column":53},"end":{"line":47,"column":67}}],"line":47},"2":{"loc":{"start":{"line":55,"column":64},"end":{"line":55,"column":133}},"type":"binary-expr","locations":[{"start":{"line":55,"column":64},"end":{"line":55,"column":86}},{"start":{"line":55,"column":90},"end":{"line":55,"column":133}}],"line":55},"3":{"loc":{"start":{"line":71,"column":21},"end":{"line":71,"column":35}},"type":"binary-expr","locations":[{"start":{"line":71,"column":21},"end":{"line":71,"column":26}},{"start":{"line":71,"column":30},"end":{"line":71,"column":35}}],"line":71},"4":{"loc":{"start":{"line":82,"column":21},"end":{"line":82,"column":35}},"type":"binary-expr","locations":[{"start":{"line":82,"column":21},"end":{"line":82,"column":26}},{"start":{"line":82,"column":30},"end":{"line":82,"column":35}}],"line":82},"5":{"loc":{"start":{"line":89,"column":6},"end":{"line":98,"column":7}},"type":"if","locations":[{"start":{"line":89,"column":6},"end":{"line":98,"column":7}},{"start":{"line":89,"column":6},"end":{"line":98,"column":7}}],"line":89},"6":{"loc":{"start":{"line":106,"column":6},"end":{"line":114,"column":7}},"type":"if","locations":[{"start":{"line":106,"column":6},"end":{"line":114,"column":7}},{"start":{"line":106,"column":6},"end":{"line":114,"column":7}}],"line":106},"7":{"loc":{"start":{"line":122,"column":6},"end":{"line":138,"column":7}},"type":"switch","locations":[{"start":{"line":123,"column":8},"end":{"line":129,"column":16}},{"start":{"line":130,"column":8},"end":{"line":137,"column":16}}],"line":122},"8":{"loc":{"start":{"line":140,"column":6},"end":{"line":147,"column":7}},"type":"if","locations":[{"start":{"line":140,"column":6},"end":{"line":147,"column":7}},{"start":{"line":140,"column":6},"end":{"line":147,"column":7}}],"line":140},"9":{"loc":{"start":{"line":141,"column":8},"end":{"line":143,"column":9}},"type":"if","locations":[{"start":{"line":141,"column":8},"end":{"line":143,"column":9}},{"start":{"line":141,"column":8},"end":{"line":143,"column":9}}],"line":141},"10":{"loc":{"start":{"line":144,"column":8},"end":{"line":146,"column":9}},"type":"if","locations":[{"start":{"line":144,"column":8},"end":{"line":146,"column":9}},{"start":{"line":144,"column":8},"end":{"line":146,"column":9}}],"line":144},"11":{"loc":{"start":{"line":154,"column":6},"end":{"line":164,"column":7}},"type":"switch","locations":[{"start":{"line":155,"column":8},"end":{"line":157,"column":16}},{"start":{"line":158,"column":8},"end":{"line":160,"column":16}},{"start":{"line":161,"column":8},"end":{"line":163,"column":16}}],"line":154},"12":{"loc":{"start":{"line":172,"column":6},"end":{"line":182,"column":7}},"type":"switch","locations":[{"start":{"line":173,"column":8},"end":{"line":175,"column":16}},{"start":{"line":176,"column":8},"end":{"line":178,"column":16}},{"start":{"line":179,"column":8},"end":{"line":181,"column":16}}],"line":172},"13":{"loc":{"start":{"line":174,"column":19},"end":{"line":174,"column":71}},"type":"cond-expr","locations":[{"start":{"line":174,"column":30},"end":{"line":174,"column":54}},{"start":{"line":174,"column":57},"end":{"line":174,"column":71}}],"line":174},"14":{"loc":{"start":{"line":177,"column":19},"end":{"line":177,"column":71}},"type":"cond-expr","locations":[{"start":{"line":177,"column":30},"end":{"line":177,"column":54}},{"start":{"line":177,"column":57},"end":{"line":177,"column":71}}],"line":177},"15":{"loc":{"start":{"line":180,"column":19},"end":{"line":180,"column":81}},"type":"cond-expr","locations":[{"start":{"line":180,"column":30},"end":{"line":180,"column":59}},{"start":{"line":180,"column":62},"end":{"line":180,"column":81}}],"line":180},"16":{"loc":{"start":{"line":194,"column":22},"end":{"line":194,"column":76}},"type":"cond-expr","locations":[{"start":{"line":194,"column":55},"end":{"line":194,"column":57}},{"start":{"line":194,"column":60},"end":{"line":194,"column":76}}],"line":194},"17":{"loc":{"start":{"line":196,"column":30},"end":{"line":196,"column":102}},"type":"cond-expr","locations":[{"start":{"line":196,"column":68},"end":{"line":196,"column":78}},{"start":{"line":196,"column":81},"end":{"line":196,"column":102}}],"line":196},"18":{"loc":{"start":{"line":218,"column":6},"end":{"line":220,"column":7}},"type":"if","locations":[{"start":{"line":218,"column":6},"end":{"line":220,"column":7}},{"start":{"line":218,"column":6},"end":{"line":220,"column":7}}],"line":218},"19":{"loc":{"start":{"line":222,"column":6},"end":{"line":224,"column":7}},"type":"if","locations":[{"start":{"line":222,"column":6},"end":{"line":224,"column":7}},{"start":{"line":222,"column":6},"end":{"line":224,"column":7}}],"line":222},"20":{"loc":{"start":{"line":231,"column":10},"end":{"line":248,"column":11}},"type":"cond-expr","locations":[{"start":{"line":231,"column":27},"end":{"line":235,"column":11}},{"start":{"line":235,"column":14},"end":{"line":248,"column":11}}],"line":231},"21":{"loc":{"start":{"line":231,"column":10},"end":{"line":231,"column":24}},"type":"binary-expr","locations":[{"start":{"line":231,"column":10},"end":{"line":231,"column":15}},{"start":{"line":231,"column":19},"end":{"line":231,"column":24}}],"line":231},"22":{"loc":{"start":{"line":234,"column":12},"end":{"line":234,"column":41}},"type":"cond-expr","locations":[{"start":{"line":234,"column":29},"end":{"line":234,"column":34}},{"start":{"line":234,"column":37},"end":{"line":234,"column":41}}],"line":234},"23":{"loc":{"start":{"line":234,"column":12},"end":{"line":234,"column":26}},"type":"binary-expr","locations":[{"start":{"line":234,"column":12},"end":{"line":234,"column":17}},{"start":{"line":234,"column":21},"end":{"line":234,"column":26}}],"line":234},"24":{"loc":{"start":{"line":235,"column":14},"end":{"line":248,"column":11}},"type":"cond-expr","locations":[{"start":{"line":235,"column":30},"end":{"line":235,"column":100}},{"start":{"line":235,"column":103},"end":{"line":248,"column":11}}],"line":235}},"s":{"0":1,"1":1,"2":1,"3":1,"4":1,"5":1,"6":1,"7":1,"8":1,"9":1,"10":1,"11":1,"12":1,"13":1,"14":1,"15":1,"16":1,"17":1,"18":1,"19":1,"20":1,"21":10,"22":1,"23":1,"24":0,"25":0,"26":0,"27":0,"28":0,"29":1,"30":0,"31":0,"32":0,"33":0,"34":0,"35":0,"36":0,"37":0,"38":0,"39":0,"40":0,"41":0,"42":0,"43":0,"44":0,"45":0,"46":0,"47":0,"48":0,"49":0,"50":0,"51":0,"52":0,"53":0,"54":0,"55":0,"56":0,"57":0,"58":0,"59":0,"60":0,"61":0,"62":0,"63":0,"64":0,"65":0,"66":0,"67":0,"68":0,"69":0,"70":0,"71":0,"72":0,"73":0,"74":0,"75":0,"76":0,"77":0,"78":0,"79":0,"80":0,"81":0,"82":0,"83":0,"84":0,"85":0,"86":0,"87":0,"88":0,"89":0,"90":0,"91":0,"92":0,"93":0,"94":0,"95":0,"96":0,"97":0,"98":0,"99":0,"100":0,"101":0,"102":0,"103":0,"104":0,"105":1,"106":1,"107":1,"108":0},"f":{"0":10,"1":1,"2":0,"3":0,"4":0,"5":0,"6":0,"7":0,"8":0,"9":0,"10":0},"b":{"0":[7,3],"1":[10,10],"2":[0,0],"3":[0,0],"4":[0,0],"5":[0,0],"6":[0,0],"7":[0,0],"8":[0,0],"9":[0,0],"10":[0,0],"11":[0,0,0],"12":[0,0,0],"13":[0,0],"14":[0,0],"15":[0,0],"16":[0,0],"17":[0,0],"18":[0,0],"19":[0,0],"20":[0,0],"21":[0,0],"22":[0,0],"23":[0,0],"24":[0,0]},"_coverageSchema":"332fd63041d2c1bcb487cc26dd0d5f7d97098a6c","hash":"c95220d50b70548a2089d7a68c7467e7d30bcad7","contentHash":"b2df49d941fd85f1cc7f658c728b6d90_10.2.0"}}